WARNING:tensorflow:From 3_GRUCell.py:65: softmax_cross_entropy_with_logits (from tensorflow.python.ops.nn_ops) is deprecated and will be removed in a future version.
Instructions for updating:

Future major versions of TensorFlow will allow gradients to flow
into the labels input on backprop by default.

See tf.nn.softmax_cross_entropy_with_logits_v2.

2018-02-20 13:08:05.988007: I tensorflow/core/platform/cpu_feature_guard.cc:137] Your CPU supports instructions that this TensorFlow binary was not compiled to use: SSE4.1 SSE4.2 AVX AVX2 FMA
Loading text...
Loading file Danza de dragones - George R. R. Martin.txt
Loading file Juego de tronos - George R. R. Martin.txt
Loading file Festin de cuervos - George R.R. Martin.txt
Loading file Choque de reyes - George R.R. Martin.txt
Loading file Tormenta de Espadas - George R. R. Martin.txt
Loading file Festin de cuervos _ Danza de dr - George R.R. Martin.txt
Encoding data...
Preparing data...
Data successfully loaded and prepared!
Graph correctly created!
-----------------------------------------------------------
This is a text sample at step 0
-----------------------------------------------------------
Step 0, Accuracy: 0.009778911, Loss: 5.5382543 --- Tue Feb 20 13:08:58 2018
Starting training...
Step 10, Accuracy: 0.12676665, Loss: 4.3866687 --- Tue Feb 20 13:09:26 2018
Step 20, Accuracy: 0.13696666, Loss: 3.2556126 --- Tue Feb 20 13:09:54 2018
Step 30, Accuracy: 0.1718, Loss: 3.1371655 --- Tue Feb 20 13:10:22 2018
Step 40, Accuracy: 0.17013332, Loss: 3.1291938 --- Tue Feb 20 13:10:50 2018
Step 50, Accuracy: 0.16853333, Loss: 3.1245713 --- Tue Feb 20 13:11:18 2018
Step 60, Accuracy: 0.17153335, Loss: 3.1192307 --- Tue Feb 20 13:11:47 2018
Step 70, Accuracy: 0.17006667, Loss: 3.1058364 --- Tue Feb 20 13:12:15 2018
Step 80, Accuracy: 0.16826668, Loss: 3.112265 --- Tue Feb 20 13:12:43 2018
Step 90, Accuracy: 0.1697, Loss: 3.113152 --- Tue Feb 20 13:13:11 2018
Step 100, Accuracy: 0.16916665, Loss: 3.1011686 --- Tue Feb 20 13:13:39 2018
Step 110, Accuracy: 0.17029999, Loss: 3.1123424 --- Tue Feb 20 13:14:07 2018
Step 120, Accuracy: 0.16916667, Loss: 3.0984993 --- Tue Feb 20 13:14:35 2018
Step 130, Accuracy: 0.1708, Loss: 3.0915875 --- Tue Feb 20 13:15:04 2018
Step 140, Accuracy: 0.17006665, Loss: 3.0975547 --- Tue Feb 20 13:15:32 2018
Step 150, Accuracy: 0.17473334, Loss: 3.0722206 --- Tue Feb 20 13:16:00 2018
Step 160, Accuracy: 0.19066668, Loss: 3.035925 --- Tue Feb 20 13:16:28 2018
Step 170, Accuracy: 0.22046666, Loss: 2.9666266 --- Tue Feb 20 13:16:56 2018
Step 180, Accuracy: 0.248, Loss: 2.8240352 --- Tue Feb 20 13:17:24 2018
Step 190, Accuracy: 0.25623333, Loss: 2.7503428 --- Tue Feb 20 13:17:52 2018
Step 200, Accuracy: 0.2685, Loss: 2.6762717 --- Tue Feb 20 13:18:21 2018
Step 210, Accuracy: 0.27496666, Loss: 2.6190827 --- Tue Feb 20 13:18:49 2018
Step 220, Accuracy: 0.2878, Loss: 2.5400043 --- Tue Feb 20 13:19:17 2018
Step 230, Accuracy: 0.29913333, Loss: 2.4628413 --- Tue Feb 20 13:19:45 2018
Step 240, Accuracy: 0.3088333, Loss: 2.4143317 --- Tue Feb 20 13:20:13 2018
Step 250, Accuracy: 0.31943333, Loss: 2.3638973 --- Tue Feb 20 13:20:41 2018
Step 260, Accuracy: 0.32666665, Loss: 2.3389316 --- Tue Feb 20 13:21:09 2018
Step 270, Accuracy: 0.3322, Loss: 2.3069084 --- Tue Feb 20 13:21:38 2018
Step 280, Accuracy: 0.33943334, Loss: 2.2667458 --- Tue Feb 20 13:22:06 2018
Step 290, Accuracy: 0.3435667, Loss: 2.231377 --- Tue Feb 20 13:22:34 2018
Step 300, Accuracy: 0.3517, Loss: 2.237516 --- Tue Feb 20 13:23:02 2018
Step 310, Accuracy: 0.35603333, Loss: 2.2052574 --- Tue Feb 20 13:23:30 2018
Step 320, Accuracy: 0.3541, Loss: 2.1983092 --- Tue Feb 20 13:23:58 2018
Step 330, Accuracy: 0.3628667, Loss: 2.1704063 --- Tue Feb 20 13:24:26 2018
Step 340, Accuracy: 0.36716667, Loss: 2.1463358 --- Tue Feb 20 13:24:55 2018
Step 350, Accuracy: 0.3740333, Loss: 2.1161728 --- Tue Feb 20 13:25:23 2018
Step 360, Accuracy: 0.38076666, Loss: 2.099753 --- Tue Feb 20 13:25:51 2018
Step 370, Accuracy: 0.3861667, Loss: 2.0872502 --- Tue Feb 20 13:26:19 2018
Step 380, Accuracy: 0.3857333, Loss: 2.0885453 --- Tue Feb 20 13:26:47 2018
Step 390, Accuracy: 0.39003333, Loss: 2.0615401 --- Tue Feb 20 13:27:15 2018
Step 400, Accuracy: 0.3914, Loss: 2.060041 --- Tue Feb 20 13:27:43 2018
Step 410, Accuracy: 0.39466667, Loss: 2.0591202 --- Tue Feb 20 13:28:12 2018
Step 420, Accuracy: 0.40783334, Loss: 2.0079951 --- Tue Feb 20 13:28:40 2018
Step 430, Accuracy: 0.40573335, Loss: 1.9994425 --- Tue Feb 20 13:29:08 2018
Step 440, Accuracy: 0.40846667, Loss: 2.0023296 --- Tue Feb 20 13:29:36 2018
Step 450, Accuracy: 0.40829998, Loss: 1.9875412 --- Tue Feb 20 13:30:04 2018
Step 460, Accuracy: 0.4147667, Loss: 1.9857647 --- Tue Feb 20 13:30:32 2018
Step 470, Accuracy: 0.4131, Loss: 1.9727808 --- Tue Feb 20 13:31:00 2018
Step 480, Accuracy: 0.42386666, Loss: 1.9475238 --- Tue Feb 20 13:31:28 2018
Step 490, Accuracy: 0.42643332, Loss: 1.9428631 --- Tue Feb 20 13:31:56 2018
Step 500, Accuracy: 0.42356667, Loss: 1.9367859 --- Tue Feb 20 13:32:24 2018
-----------------------------------------------------------
This is a text sample at step 500
-----------------------------------------------------------
Step 510, Accuracy: 0.42973337, Loss: 1.9191024 --- Tue Feb 20 13:32:53 2018
Step 520, Accuracy: 0.42893332, Loss: 1.9232149 --- Tue Feb 20 13:33:21 2018
Step 530, Accuracy: 0.4408, Loss: 1.8782402 --- Tue Feb 20 13:33:49 2018
Step 540, Accuracy: 0.44216666, Loss: 1.8706133 --- Tue Feb 20 13:34:17 2018
Step 550, Accuracy: 0.44233337, Loss: 1.8791931 --- Tue Feb 20 13:34:45 2018
Step 560, Accuracy: 0.44419998, Loss: 1.8591124 --- Tue Feb 20 13:35:13 2018
Step 570, Accuracy: 0.44713336, Loss: 1.8687328 --- Tue Feb 20 13:35:41 2018
Step 580, Accuracy: 0.44856662, Loss: 1.8517475 --- Tue Feb 20 13:36:08 2018
Step 590, Accuracy: 0.45310003, Loss: 1.8407065 --- Tue Feb 20 13:36:36 2018
Step 600, Accuracy: 0.45703334, Loss: 1.8387392 --- Tue Feb 20 13:37:04 2018
Step 610, Accuracy: 0.45416665, Loss: 1.8277649 --- Tue Feb 20 13:37:32 2018
Step 620, Accuracy: 0.45973334, Loss: 1.8058481 --- Tue Feb 20 13:38:00 2018
Step 630, Accuracy: 0.46096665, Loss: 1.7953647 --- Tue Feb 20 13:38:29 2018
Step 640, Accuracy: 0.4605, Loss: 1.8033104 --- Tue Feb 20 13:38:57 2018
Step 650, Accuracy: 0.47279996, Loss: 1.7778101 --- Tue Feb 20 13:39:26 2018
Step 660, Accuracy: 0.46786666, Loss: 1.7802303 --- Tue Feb 20 13:39:54 2018
Step 670, Accuracy: 0.47149998, Loss: 1.7787704 --- Tue Feb 20 13:40:22 2018
Step 680, Accuracy: 0.47100002, Loss: 1.772493 --- Tue Feb 20 13:40:50 2018
Step 690, Accuracy: 0.48093334, Loss: 1.7543465 --- Tue Feb 20 13:41:18 2018
Step 700, Accuracy: 0.4808, Loss: 1.7443354 --- Tue Feb 20 13:41:46 2018
Step 710, Accuracy: 0.4801, Loss: 1.7422594 --- Tue Feb 20 13:42:15 2018
Step 720, Accuracy: 0.47783333, Loss: 1.7530466 --- Tue Feb 20 13:42:43 2018
Step 730, Accuracy: 0.48623332, Loss: 1.7200041 --- Tue Feb 20 13:43:11 2018
Step 740, Accuracy: 0.48296666, Loss: 1.7162511 --- Tue Feb 20 13:43:39 2018
Step 750, Accuracy: 0.4821333, Loss: 1.7206554 --- Tue Feb 20 13:44:07 2018
Step 760, Accuracy: 0.48956662, Loss: 1.720882 --- Tue Feb 20 13:44:36 2018
Step 770, Accuracy: 0.49196666, Loss: 1.7057083 --- Tue Feb 20 13:45:04 2018
Step 780, Accuracy: 0.49336666, Loss: 1.6809391 --- Tue Feb 20 13:45:32 2018
Step 790, Accuracy: 0.4962, Loss: 1.6665691 --- Tue Feb 20 13:46:00 2018
Step 800, Accuracy: 0.50083333, Loss: 1.6718016 --- Tue Feb 20 13:46:28 2018
Step 810, Accuracy: 0.5056, Loss: 1.6641839 --- Tue Feb 20 13:46:57 2018
Step 820, Accuracy: 0.5036334, Loss: 1.6539335 --- Tue Feb 20 13:47:25 2018
Step 830, Accuracy: 0.5058333, Loss: 1.645387 --- Tue Feb 20 13:47:53 2018
Step 840, Accuracy: 0.5154334, Loss: 1.6308874 --- Tue Feb 20 13:48:21 2018
Step 850, Accuracy: 0.5108334, Loss: 1.6211224 --- Tue Feb 20 13:48:49 2018
Step 860, Accuracy: 0.50860006, Loss: 1.6510341 --- Tue Feb 20 13:49:17 2018
Step 870, Accuracy: 0.5067333, Loss: 1.6637659 --- Tue Feb 20 13:49:45 2018
Step 880, Accuracy: 0.5108334, Loss: 1.6459639 --- Tue Feb 20 13:50:13 2018
Step 890, Accuracy: 0.5168334, Loss: 1.625115 --- Tue Feb 20 13:50:41 2018
Step 900, Accuracy: 0.5118667, Loss: 1.6206682 --- Tue Feb 20 13:51:09 2018
Step 910, Accuracy: 0.51416665, Loss: 1.6194807 --- Tue Feb 20 13:51:37 2018
Step 920, Accuracy: 0.5234, Loss: 1.6004779 --- Tue Feb 20 13:52:04 2018
Step 930, Accuracy: 0.51956666, Loss: 1.6127794 --- Tue Feb 20 13:52:32 2018
Step 940, Accuracy: 0.5201667, Loss: 1.6167767 --- Tue Feb 20 13:53:00 2018
Step 950, Accuracy: 0.5277, Loss: 1.5779305 --- Tue Feb 20 13:53:28 2018
Step 960, Accuracy: 0.52996665, Loss: 1.5775564 --- Tue Feb 20 13:53:56 2018
Step 970, Accuracy: 0.5215333, Loss: 1.5941694 --- Tue Feb 20 13:54:25 2018
Step 980, Accuracy: 0.5273333, Loss: 1.5842144 --- Tue Feb 20 13:54:53 2018
Step 990, Accuracy: 0.5272667, Loss: 1.5880917 --- Tue Feb 20 13:55:21 2018
Step 1000, Accuracy: 0.5309333, Loss: 1.5713962 --- Tue Feb 20 13:55:49 2018
-----------------------------------------------------------
This is a text sample at step 1000
-----------------------------------------------------------
Step 1010, Accuracy: 0.53853333, Loss: 1.5368536 --- Tue Feb 20 13:56:17 2018
Step 1020, Accuracy: 0.53533334, Loss: 1.5424964 --- Tue Feb 20 13:56:45 2018
Step 1030, Accuracy: 0.5424, Loss: 1.5302031 --- Tue Feb 20 13:57:14 2018
Step 1040, Accuracy: 0.53813326, Loss: 1.5394026 --- Tue Feb 20 13:57:42 2018
Step 1050, Accuracy: 0.5423333, Loss: 1.5201461 --- Tue Feb 20 13:58:10 2018
Step 1060, Accuracy: 0.54093325, Loss: 1.5359251 --- Tue Feb 20 13:58:38 2018
Step 1070, Accuracy: 0.54393333, Loss: 1.5116622 --- Tue Feb 20 13:59:06 2018
Step 1080, Accuracy: 0.5359333, Loss: 1.5296395 --- Tue Feb 20 13:59:34 2018
Step 1090, Accuracy: 0.5405, Loss: 1.5278534 --- Tue Feb 20 14:00:02 2018
Step 1100, Accuracy: 0.54609996, Loss: 1.507683 --- Tue Feb 20 14:00:31 2018
Step 1110, Accuracy: 0.5416333, Loss: 1.5305542 --- Tue Feb 20 14:00:59 2018
Step 1120, Accuracy: 0.5532333, Loss: 1.4917513 --- Tue Feb 20 14:01:27 2018
Step 1130, Accuracy: 0.54443336, Loss: 1.5049056 --- Tue Feb 20 14:01:55 2018
Step 1140, Accuracy: 0.54323334, Loss: 1.5286562 --- Tue Feb 20 14:02:23 2018
Step 1150, Accuracy: 0.5512667, Loss: 1.4926646 --- Tue Feb 20 14:02:51 2018
Step 1160, Accuracy: 0.54866666, Loss: 1.5026057 --- Tue Feb 20 14:03:19 2018
Step 1170, Accuracy: 0.54889995, Loss: 1.4968107 --- Tue Feb 20 14:03:48 2018
Step 1180, Accuracy: 0.54573333, Loss: 1.4928647 --- Tue Feb 20 14:04:16 2018
Step 1190, Accuracy: 0.5536, Loss: 1.4694223 --- Tue Feb 20 14:04:44 2018
Step 1200, Accuracy: 0.55793333, Loss: 1.4718416 --- Tue Feb 20 14:05:12 2018
Step 1210, Accuracy: 0.5586, Loss: 1.4693978 --- Tue Feb 20 14:05:40 2018
Step 1220, Accuracy: 0.5564333, Loss: 1.4781177 --- Tue Feb 20 14:06:08 2018
Step 1230, Accuracy: 0.55336666, Loss: 1.4782565 --- Tue Feb 20 14:06:36 2018
Step 1240, Accuracy: 0.5554, Loss: 1.4743649 --- Tue Feb 20 14:07:05 2018
Step 1250, Accuracy: 0.55786663, Loss: 1.468321 --- Tue Feb 20 14:07:33 2018
Step 1260, Accuracy: 0.56479996, Loss: 1.438003 --- Tue Feb 20 14:08:01 2018
Step 1270, Accuracy: 0.562, Loss: 1.4567306 --- Tue Feb 20 14:08:29 2018
Step 1280, Accuracy: 0.56210005, Loss: 1.458482 --- Tue Feb 20 14:08:57 2018
Step 1290, Accuracy: 0.5609666, Loss: 1.4404525 --- Tue Feb 20 14:09:26 2018
Step 1300, Accuracy: 0.5657667, Loss: 1.4395818 --- Tue Feb 20 14:09:54 2018
Step 1310, Accuracy: 0.5708334, Loss: 1.418684 --- Tue Feb 20 14:10:22 2018
Step 1320, Accuracy: 0.571, Loss: 1.428943 --- Tue Feb 20 14:10:50 2018
Step 1330, Accuracy: 0.56710005, Loss: 1.4192747 --- Tue Feb 20 14:11:19 2018
Step 1340, Accuracy: 0.57276666, Loss: 1.4192728 --- Tue Feb 20 14:11:47 2018
Step 1350, Accuracy: 0.57580006, Loss: 1.3994406 --- Tue Feb 20 14:12:15 2018
Step 1360, Accuracy: 0.57109994, Loss: 1.4229376 --- Tue Feb 20 14:12:43 2018
Step 1370, Accuracy: 0.57486665, Loss: 1.4014395 --- Tue Feb 20 14:13:11 2018
Step 1380, Accuracy: 0.57596666, Loss: 1.3932235 --- Tue Feb 20 14:13:40 2018
Step 1390, Accuracy: 0.5708667, Loss: 1.4223775 --- Tue Feb 20 14:14:08 2018
Step 1400, Accuracy: 0.5683333, Loss: 1.4281846 --- Tue Feb 20 14:14:36 2018
Step 1410, Accuracy: 0.5807, Loss: 1.3911684 --- Tue Feb 20 14:15:04 2018
Step 1420, Accuracy: 0.57530004, Loss: 1.3975964 --- Tue Feb 20 14:15:33 2018
Step 1430, Accuracy: 0.5735666, Loss: 1.3944924 --- Tue Feb 20 14:16:01 2018
Step 1440, Accuracy: 0.5768, Loss: 1.395279 --- Tue Feb 20 14:16:29 2018
Step 1450, Accuracy: 0.5764, Loss: 1.4031358 --- Tue Feb 20 14:16:57 2018
Step 1460, Accuracy: 0.5780667, Loss: 1.3908415 --- Tue Feb 20 14:17:25 2018
Step 1470, Accuracy: 0.5784, Loss: 1.3913064 --- Tue Feb 20 14:17:53 2018
Step 1480, Accuracy: 0.5819, Loss: 1.3795375 --- Tue Feb 20 14:18:21 2018
Step 1490, Accuracy: 0.58353335, Loss: 1.3717566 --- Tue Feb 20 14:18:49 2018
Step 1500, Accuracy: 0.57926667, Loss: 1.3894312 --- Tue Feb 20 14:19:18 2018
-----------------------------------------------------------
This is a text sample at step 1500
-----------------------------------------------------------
Step 1510, Accuracy: 0.5800667, Loss: 1.3972024 --- Tue Feb 20 14:19:46 2018
Step 1520, Accuracy: 0.58303326, Loss: 1.3785636 --- Tue Feb 20 14:20:14 2018
Step 1530, Accuracy: 0.57673335, Loss: 1.3963948 --- Tue Feb 20 14:20:43 2018
Step 1540, Accuracy: 0.5754334, Loss: 1.3999865 --- Tue Feb 20 14:21:11 2018
Step 1550, Accuracy: 0.5791, Loss: 1.3826039 --- Tue Feb 20 14:21:39 2018
Step 1560, Accuracy: 0.5804667, Loss: 1.3819393 --- Tue Feb 20 14:22:07 2018
Step 1570, Accuracy: 0.58430004, Loss: 1.3626993 --- Tue Feb 20 14:22:35 2018
Step 1580, Accuracy: 0.58646667, Loss: 1.3738887 --- Tue Feb 20 14:23:03 2018
Step 1590, Accuracy: 0.58666664, Loss: 1.36756 --- Tue Feb 20 14:23:31 2018
Step 1600, Accuracy: 0.5877, Loss: 1.3568264 --- Tue Feb 20 14:24:00 2018
Step 1610, Accuracy: 0.5819, Loss: 1.3654683 --- Tue Feb 20 14:24:28 2018
Step 1620, Accuracy: 0.58023334, Loss: 1.3822137 --- Tue Feb 20 14:24:56 2018
Step 1630, Accuracy: 0.58273333, Loss: 1.3804443 --- Tue Feb 20 14:25:25 2018
Step 1640, Accuracy: 0.57930005, Loss: 1.3896663 --- Tue Feb 20 14:25:53 2018
Step 1650, Accuracy: 0.58423334, Loss: 1.3677262 --- Tue Feb 20 14:26:22 2018
Step 1660, Accuracy: 0.58739996, Loss: 1.3634163 --- Tue Feb 20 14:26:50 2018
Step 1670, Accuracy: 0.5961, Loss: 1.3332474 --- Tue Feb 20 14:27:18 2018
Step 1680, Accuracy: 0.5972333, Loss: 1.3265575 --- Tue Feb 20 14:27:47 2018
Step 1690, Accuracy: 0.5876, Loss: 1.3609456 --- Tue Feb 20 14:28:15 2018
Step 1700, Accuracy: 0.5898, Loss: 1.3557209 --- Tue Feb 20 14:28:43 2018
Step 1710, Accuracy: 0.5837, Loss: 1.3623521 --- Tue Feb 20 14:29:11 2018
Step 1720, Accuracy: 0.59250003, Loss: 1.3481269 --- Tue Feb 20 14:29:40 2018
Step 1730, Accuracy: 0.5909334, Loss: 1.3484033 --- Tue Feb 20 14:30:08 2018
Step 1740, Accuracy: 0.59146667, Loss: 1.3296113 --- Tue Feb 20 14:30:36 2018
Step 1750, Accuracy: 0.59436667, Loss: 1.3330953 --- Tue Feb 20 14:31:05 2018
Step 1760, Accuracy: 0.5942, Loss: 1.3405298 --- Tue Feb 20 14:31:33 2018
Step 1770, Accuracy: 0.59536666, Loss: 1.3217233 --- Tue Feb 20 14:32:01 2018
Step 1780, Accuracy: 0.5912, Loss: 1.3437877 --- Tue Feb 20 14:32:29 2018
Step 1790, Accuracy: 0.5932, Loss: 1.3308234 --- Tue Feb 20 14:32:58 2018
Step 1800, Accuracy: 0.59459996, Loss: 1.3134954 --- Tue Feb 20 14:33:26 2018
Step 1810, Accuracy: 0.59590006, Loss: 1.3231406 --- Tue Feb 20 14:33:54 2018
Step 1820, Accuracy: 0.5913333, Loss: 1.3394616 --- Tue Feb 20 14:34:23 2018
Step 1830, Accuracy: 0.5942, Loss: 1.3306487 --- Tue Feb 20 14:34:51 2018
Step 1840, Accuracy: 0.5913333, Loss: 1.3385347 --- Tue Feb 20 14:35:19 2018
Step 1850, Accuracy: 0.5938333, Loss: 1.3379982 --- Tue Feb 20 14:35:47 2018
Step 1860, Accuracy: 0.59963334, Loss: 1.3069065 --- Tue Feb 20 14:36:16 2018
Step 1870, Accuracy: 0.6000666, Loss: 1.3122528 --- Tue Feb 20 14:36:44 2018
Step 1880, Accuracy: 0.6001333, Loss: 1.3157835 --- Tue Feb 20 14:37:12 2018
Step 1890, Accuracy: 0.5983666, Loss: 1.3035185 --- Tue Feb 20 14:37:40 2018
Step 1900, Accuracy: 0.60213333, Loss: 1.3065931 --- Tue Feb 20 14:38:09 2018
Step 1910, Accuracy: 0.5974333, Loss: 1.307309 --- Tue Feb 20 14:38:37 2018
Step 1920, Accuracy: 0.59679997, Loss: 1.3103311 --- Tue Feb 20 14:39:05 2018
Step 1930, Accuracy: 0.59403336, Loss: 1.3134193 --- Tue Feb 20 14:39:33 2018
Step 1940, Accuracy: 0.59936666, Loss: 1.2992338 --- Tue Feb 20 14:40:01 2018
Step 1950, Accuracy: 0.5974333, Loss: 1.3112218 --- Tue Feb 20 14:40:29 2018
Step 1960, Accuracy: 0.59956664, Loss: 1.3058159 --- Tue Feb 20 14:40:57 2018
Step 1970, Accuracy: 0.60216665, Loss: 1.3002791 --- Tue Feb 20 14:41:25 2018
Step 1980, Accuracy: 0.6050333, Loss: 1.2845312 --- Tue Feb 20 14:41:53 2018
Step 1990, Accuracy: 0.60206664, Loss: 1.2900935 --- Tue Feb 20 14:42:21 2018
Step 2000, Accuracy: 0.5974, Loss: 1.3135183 --- Tue Feb 20 14:42:49 2018
-----------------------------------------------------------
This is a text sample at step 2000
-----------------------------------------------------------
Step 2010, Accuracy: 0.6014334, Loss: 1.2997544 --- Tue Feb 20 14:43:18 2018
Step 2020, Accuracy: 0.60179996, Loss: 1.2907115 --- Tue Feb 20 14:43:46 2018
Step 2030, Accuracy: 0.59983337, Loss: 1.2994715 --- Tue Feb 20 14:44:14 2018
Step 2040, Accuracy: 0.6023666, Loss: 1.283466 --- Tue Feb 20 14:44:42 2018
Step 2050, Accuracy: 0.6052333, Loss: 1.2841505 --- Tue Feb 20 14:45:10 2018
Step 2060, Accuracy: 0.6128333, Loss: 1.2539593 --- Tue Feb 20 14:45:38 2018
Step 2070, Accuracy: 0.6087, Loss: 1.2752016 --- Tue Feb 20 14:46:06 2018
Step 2080, Accuracy: 0.60859996, Loss: 1.2710253 --- Tue Feb 20 14:46:34 2018
Step 2090, Accuracy: 0.60850006, Loss: 1.2737544 --- Tue Feb 20 14:47:02 2018
Step 2100, Accuracy: 0.60499996, Loss: 1.2855928 --- Tue Feb 20 14:47:30 2018
Step 2110, Accuracy: 0.6050333, Loss: 1.2889639 --- Tue Feb 20 14:47:59 2018
Step 2120, Accuracy: 0.6066333, Loss: 1.2723733 --- Tue Feb 20 14:48:27 2018
Step 2130, Accuracy: 0.59753335, Loss: 1.3094867 --- Tue Feb 20 14:48:55 2018
Step 2140, Accuracy: 0.6055, Loss: 1.2885935 --- Tue Feb 20 14:49:23 2018
Step 2150, Accuracy: 0.6088, Loss: 1.2783046 --- Tue Feb 20 14:49:51 2018
Step 2160, Accuracy: 0.60749996, Loss: 1.2795017 --- Tue Feb 20 14:50:19 2018
Step 2170, Accuracy: 0.60933334, Loss: 1.2716274 --- Tue Feb 20 14:50:47 2018
Step 2180, Accuracy: 0.6124333, Loss: 1.2532263 --- Tue Feb 20 14:51:15 2018
Step 2190, Accuracy: 0.6086, Loss: 1.2624849 --- Tue Feb 20 14:51:43 2018
Step 2200, Accuracy: 0.6112667, Loss: 1.2574911 --- Tue Feb 20 14:52:11 2018
Step 2210, Accuracy: 0.6099333, Loss: 1.270956 --- Tue Feb 20 14:52:39 2018
Step 2220, Accuracy: 0.61016667, Loss: 1.2657572 --- Tue Feb 20 14:53:07 2018
Step 2230, Accuracy: 0.6141667, Loss: 1.2696154 --- Tue Feb 20 14:53:35 2018
Step 2240, Accuracy: 0.6094667, Loss: 1.2691356 --- Tue Feb 20 14:54:03 2018
Step 2250, Accuracy: 0.6114, Loss: 1.2548729 --- Tue Feb 20 14:54:31 2018
Step 2260, Accuracy: 0.61196667, Loss: 1.2620603 --- Tue Feb 20 14:54:59 2018
Step 2270, Accuracy: 0.60779995, Loss: 1.271378 --- Tue Feb 20 14:55:27 2018
Step 2280, Accuracy: 0.6076333, Loss: 1.2714782 --- Tue Feb 20 14:55:55 2018
Step 2290, Accuracy: 0.6081667, Loss: 1.2708049 --- Tue Feb 20 14:56:23 2018
Step 2300, Accuracy: 0.6123667, Loss: 1.2610112 --- Tue Feb 20 14:56:51 2018
Step 2310, Accuracy: 0.6168, Loss: 1.2394835 --- Tue Feb 20 14:57:19 2018
Step 2320, Accuracy: 0.61156666, Loss: 1.257827 --- Tue Feb 20 14:57:47 2018
Step 2330, Accuracy: 0.6131333, Loss: 1.265373 --- Tue Feb 20 14:58:16 2018
Step 2340, Accuracy: 0.61130005, Loss: 1.2631394 --- Tue Feb 20 14:58:44 2018
Step 2350, Accuracy: 0.6101, Loss: 1.2589475 --- Tue Feb 20 14:59:12 2018
Step 2360, Accuracy: 0.6097334, Loss: 1.2656959 --- Tue Feb 20 14:59:40 2018
Step 2370, Accuracy: 0.6144, Loss: 1.2462064 --- Tue Feb 20 15:00:08 2018
Step 2380, Accuracy: 0.6168666, Loss: 1.240087 --- Tue Feb 20 15:00:37 2018
Step 2390, Accuracy: 0.61726665, Loss: 1.2404077 --- Tue Feb 20 15:01:05 2018
Step 2400, Accuracy: 0.6166333, Loss: 1.2459865 --- Tue Feb 20 15:01:33 2018
Step 2410, Accuracy: 0.61396664, Loss: 1.2502362 --- Tue Feb 20 15:02:01 2018
Step 2420, Accuracy: 0.6175333, Loss: 1.2388886 --- Tue Feb 20 15:02:29 2018
Step 2430, Accuracy: 0.61496663, Loss: 1.2439817 --- Tue Feb 20 15:02:57 2018
Step 2440, Accuracy: 0.6148667, Loss: 1.2378608 --- Tue Feb 20 15:03:25 2018
Step 2450, Accuracy: 0.61053336, Loss: 1.257497 --- Tue Feb 20 15:03:53 2018
Step 2460, Accuracy: 0.60976666, Loss: 1.2575271 --- Tue Feb 20 15:04:22 2018
Step 2470, Accuracy: 0.62130004, Loss: 1.2299988 --- Tue Feb 20 15:04:50 2018
Step 2480, Accuracy: 0.615, Loss: 1.2384831 --- Tue Feb 20 15:05:18 2018
Step 2490, Accuracy: 0.61473334, Loss: 1.2368872 --- Tue Feb 20 15:05:46 2018
Step 2500, Accuracy: 0.6232333, Loss: 1.2177178 --- Tue Feb 20 15:06:14 2018
-----------------------------------------------------------
This is a text sample at step 2500
-----------------------------------------------------------
Step 2510, Accuracy: 0.6181, Loss: 1.2330191 --- Tue Feb 20 15:06:43 2018
Step 2520, Accuracy: 0.615, Loss: 1.2423029 --- Tue Feb 20 15:07:11 2018
Step 2530, Accuracy: 0.61906666, Loss: 1.2218059 --- Tue Feb 20 15:07:39 2018
Step 2540, Accuracy: 0.6209667, Loss: 1.2261589 --- Tue Feb 20 15:08:06 2018
Step 2550, Accuracy: 0.6234333, Loss: 1.223675 --- Tue Feb 20 15:08:34 2018
Step 2560, Accuracy: 0.6167, Loss: 1.2254602 --- Tue Feb 20 15:09:02 2018
Step 2570, Accuracy: 0.62880003, Loss: 1.2061455 --- Tue Feb 20 15:09:31 2018
Step 2580, Accuracy: 0.6191, Loss: 1.2277184 --- Tue Feb 20 15:09:59 2018
Step 2590, Accuracy: 0.62083334, Loss: 1.224601 --- Tue Feb 20 15:10:27 2018
Step 2600, Accuracy: 0.6261333, Loss: 1.2164907 --- Tue Feb 20 15:10:55 2018
Step 2610, Accuracy: 0.61983335, Loss: 1.221153 --- Tue Feb 20 15:11:23 2018
Step 2620, Accuracy: 0.62306666, Loss: 1.2133183 --- Tue Feb 20 15:11:51 2018
Step 2630, Accuracy: 0.6193333, Loss: 1.226702 --- Tue Feb 20 15:12:19 2018
Step 2640, Accuracy: 0.61986667, Loss: 1.2245404 --- Tue Feb 20 15:12:47 2018
Step 2650, Accuracy: 0.6217667, Loss: 1.2279127 --- Tue Feb 20 15:13:15 2018
Step 2660, Accuracy: 0.62266666, Loss: 1.23055 --- Tue Feb 20 15:13:42 2018
Step 2670, Accuracy: 0.62450004, Loss: 1.2079517 --- Tue Feb 20 15:14:10 2018
Step 2680, Accuracy: 0.62436664, Loss: 1.2127392 --- Tue Feb 20 15:14:39 2018
Step 2690, Accuracy: 0.61973333, Loss: 1.2236345 --- Tue Feb 20 15:15:06 2018
Step 2700, Accuracy: 0.62656665, Loss: 1.2093418 --- Tue Feb 20 15:15:34 2018
Step 2710, Accuracy: 0.62469995, Loss: 1.2006032 --- Tue Feb 20 15:16:02 2018
Step 2720, Accuracy: 0.62766665, Loss: 1.1996231 --- Tue Feb 20 15:16:31 2018
Step 2730, Accuracy: 0.6265, Loss: 1.1985893 --- Tue Feb 20 15:16:58 2018
Step 2740, Accuracy: 0.6172, Loss: 1.2257297 --- Tue Feb 20 15:17:26 2018
Step 2750, Accuracy: 0.6284667, Loss: 1.200094 --- Tue Feb 20 15:17:54 2018
Step 2760, Accuracy: 0.62839997, Loss: 1.197478 --- Tue Feb 20 15:18:22 2018
Step 2770, Accuracy: 0.6261667, Loss: 1.2051718 --- Tue Feb 20 15:18:50 2018
Step 2780, Accuracy: 0.6228, Loss: 1.2186042 --- Tue Feb 20 15:19:18 2018
Step 2790, Accuracy: 0.62640005, Loss: 1.2061617 --- Tue Feb 20 15:19:46 2018
Step 2800, Accuracy: 0.6258, Loss: 1.2075006 --- Tue Feb 20 15:20:14 2018
Step 2810, Accuracy: 0.6274667, Loss: 1.1988664 --- Tue Feb 20 15:20:42 2018
Step 2820, Accuracy: 0.6221, Loss: 1.2140043 --- Tue Feb 20 15:21:10 2018
Step 2830, Accuracy: 0.6269, Loss: 1.2026494 --- Tue Feb 20 15:21:38 2018
Step 2840, Accuracy: 0.6304, Loss: 1.1819136 --- Tue Feb 20 15:22:06 2018
Step 2850, Accuracy: 0.6246333, Loss: 1.2119703 --- Tue Feb 20 15:22:34 2018
Step 2860, Accuracy: 0.6193, Loss: 1.2345877 --- Tue Feb 20 15:23:02 2018
Step 2870, Accuracy: 0.6221334, Loss: 1.2208446 --- Tue Feb 20 15:23:30 2018
Step 2880, Accuracy: 0.6224, Loss: 1.2168317 --- Tue Feb 20 15:23:57 2018
Step 2890, Accuracy: 0.62663335, Loss: 1.2031446 --- Tue Feb 20 15:24:25 2018
Step 2900, Accuracy: 0.6302, Loss: 1.1953089 --- Tue Feb 20 15:24:53 2018
Step 2910, Accuracy: 0.6287334, Loss: 1.2013134 --- Tue Feb 20 15:25:21 2018
Step 2920, Accuracy: 0.6268333, Loss: 1.2054532 --- Tue Feb 20 15:25:48 2018
Step 2930, Accuracy: 0.6242667, Loss: 1.1985247 --- Tue Feb 20 15:26:16 2018
Step 2940, Accuracy: 0.63063335, Loss: 1.199246 --- Tue Feb 20 15:26:44 2018
Step 2950, Accuracy: 0.62810004, Loss: 1.1951993 --- Tue Feb 20 15:27:12 2018
Step 2960, Accuracy: 0.6322667, Loss: 1.1752665 --- Tue Feb 20 15:27:40 2018
Step 2970, Accuracy: 0.6181666, Loss: 1.2226925 --- Tue Feb 20 15:28:08 2018
Step 2980, Accuracy: 0.63016665, Loss: 1.1862502 --- Tue Feb 20 15:28:36 2018
Step 2990, Accuracy: 0.62600005, Loss: 1.1966947 --- Tue Feb 20 15:29:04 2018
Step 3000, Accuracy: 0.6264667, Loss: 1.2008159 --- Tue Feb 20 15:29:32 2018
-----------------------------------------------------------
This is a text sample at step 3000
-----------------------------------------------------------
Step 3010, Accuracy: 0.6303333, Loss: 1.1869183 --- Tue Feb 20 15:30:01 2018
Step 3020, Accuracy: 0.6246333, Loss: 1.2011677 --- Tue Feb 20 15:30:29 2018
Step 3030, Accuracy: 0.6253, Loss: 1.1994483 --- Tue Feb 20 15:30:57 2018
Step 3040, Accuracy: 0.6311334, Loss: 1.1931427 --- Tue Feb 20 15:31:25 2018
Step 3050, Accuracy: 0.62626666, Loss: 1.1880801 --- Tue Feb 20 15:31:53 2018
Step 3060, Accuracy: 0.6283334, Loss: 1.2010175 --- Tue Feb 20 15:32:21 2018
Step 3070, Accuracy: 0.6354, Loss: 1.1776121 --- Tue Feb 20 15:32:49 2018
Step 3080, Accuracy: 0.62423337, Loss: 1.2011507 --- Tue Feb 20 15:33:16 2018
Step 3090, Accuracy: 0.62843335, Loss: 1.2033728 --- Tue Feb 20 15:33:44 2018
Step 3100, Accuracy: 0.6310333, Loss: 1.1836624 --- Tue Feb 20 15:34:12 2018
Step 3110, Accuracy: 0.6265, Loss: 1.1924198 --- Tue Feb 20 15:34:40 2018
Step 3120, Accuracy: 0.62186664, Loss: 1.2105393 --- Tue Feb 20 15:35:08 2018
Step 3130, Accuracy: 0.62563336, Loss: 1.2061768 --- Tue Feb 20 15:35:36 2018
Step 3140, Accuracy: 0.6286334, Loss: 1.1978314 --- Tue Feb 20 15:36:04 2018
Step 3150, Accuracy: 0.62513334, Loss: 1.2003524 --- Tue Feb 20 15:36:32 2018
Step 3160, Accuracy: 0.6293334, Loss: 1.1902765 --- Tue Feb 20 15:37:00 2018
Step 3170, Accuracy: 0.6290334, Loss: 1.196581 --- Tue Feb 20 15:37:29 2018
Step 3180, Accuracy: 0.62953335, Loss: 1.1901428 --- Tue Feb 20 15:37:57 2018
Step 3190, Accuracy: 0.6266333, Loss: 1.1928878 --- Tue Feb 20 15:38:25 2018
Step 3200, Accuracy: 0.62530005, Loss: 1.1957028 --- Tue Feb 20 15:38:53 2018
Step 3210, Accuracy: 0.6295334, Loss: 1.191038 --- Tue Feb 20 15:39:21 2018
Step 3220, Accuracy: 0.6332333, Loss: 1.174842 --- Tue Feb 20 15:39:48 2018
Step 3230, Accuracy: 0.63123333, Loss: 1.1824331 --- Tue Feb 20 15:40:16 2018
Step 3240, Accuracy: 0.62946665, Loss: 1.1845537 --- Tue Feb 20 15:40:44 2018
Step 3250, Accuracy: 0.62983334, Loss: 1.1845804 --- Tue Feb 20 15:41:12 2018
Step 3260, Accuracy: 0.63353336, Loss: 1.1807148 --- Tue Feb 20 15:41:40 2018
Step 3270, Accuracy: 0.6328, Loss: 1.1915811 --- Tue Feb 20 15:42:08 2018
Step 3280, Accuracy: 0.6279333, Loss: 1.1896929 --- Tue Feb 20 15:42:36 2018
Step 3290, Accuracy: 0.63776666, Loss: 1.1684276 --- Tue Feb 20 15:43:04 2018
Step 3300, Accuracy: 0.63786674, Loss: 1.1628042 --- Tue Feb 20 15:43:32 2018
Step 3310, Accuracy: 0.6348667, Loss: 1.175355 --- Tue Feb 20 15:44:00 2018
Step 3320, Accuracy: 0.6305667, Loss: 1.1887108 --- Tue Feb 20 15:44:28 2018
Step 3330, Accuracy: 0.63436663, Loss: 1.1701381 --- Tue Feb 20 15:44:56 2018
Step 3340, Accuracy: 0.6328, Loss: 1.1741037 --- Tue Feb 20 15:45:24 2018
Step 3350, Accuracy: 0.63353336, Loss: 1.1796813 --- Tue Feb 20 15:45:51 2018
Step 3360, Accuracy: 0.6353333, Loss: 1.1737748 --- Tue Feb 20 15:46:20 2018
Step 3370, Accuracy: 0.6316, Loss: 1.1772306 --- Tue Feb 20 15:46:48 2018
Step 3380, Accuracy: 0.6333333, Loss: 1.1739131 --- Tue Feb 20 15:47:15 2018
Step 3390, Accuracy: 0.6265333, Loss: 1.188513 --- Tue Feb 20 15:47:43 2018
Step 3400, Accuracy: 0.63319993, Loss: 1.1710154 --- Tue Feb 20 15:48:11 2018
Step 3410, Accuracy: 0.63496673, Loss: 1.1734345 --- Tue Feb 20 15:48:39 2018
Step 3420, Accuracy: 0.6353333, Loss: 1.1720369 --- Tue Feb 20 15:49:07 2018
Step 3430, Accuracy: 0.6332666, Loss: 1.1816838 --- Tue Feb 20 15:49:35 2018
Step 3440, Accuracy: 0.6362333, Loss: 1.162048 --- Tue Feb 20 15:50:03 2018
Step 3450, Accuracy: 0.62836665, Loss: 1.1905079 --- Tue Feb 20 15:50:31 2018
Step 3460, Accuracy: 0.64040005, Loss: 1.1547945 --- Tue Feb 20 15:50:59 2018
Step 3470, Accuracy: 0.6285333, Loss: 1.1836233 --- Tue Feb 20 15:51:27 2018
Step 3480, Accuracy: 0.6279, Loss: 1.1811216 --- Tue Feb 20 15:51:55 2018
Step 3490, Accuracy: 0.6331333, Loss: 1.172487 --- Tue Feb 20 15:52:23 2018
Step 3500, Accuracy: 0.6307334, Loss: 1.1842496 --- Tue Feb 20 15:52:51 2018
-----------------------------------------------------------
This is a text sample at step 3500
-----------------------------------------------------------
Step 3510, Accuracy: 0.6332333, Loss: 1.167747 --- Tue Feb 20 15:53:20 2018
Step 3520, Accuracy: 0.63843334, Loss: 1.155775 --- Tue Feb 20 15:53:48 2018
Step 3530, Accuracy: 0.63079995, Loss: 1.1803062 --- Tue Feb 20 15:54:16 2018
Step 3540, Accuracy: 0.6340333, Loss: 1.1649286 --- Tue Feb 20 15:54:44 2018
Step 3550, Accuracy: 0.6421667, Loss: 1.1496176 --- Tue Feb 20 15:55:12 2018
Step 3560, Accuracy: 0.6386, Loss: 1.160989 --- Tue Feb 20 15:55:41 2018
Step 3570, Accuracy: 0.6389666, Loss: 1.1635944 --- Tue Feb 20 15:56:09 2018
Step 3580, Accuracy: 0.6398667, Loss: 1.152149 --- Tue Feb 20 15:56:37 2018
Step 3590, Accuracy: 0.6385667, Loss: 1.1647298 --- Tue Feb 20 15:57:06 2018
Step 3600, Accuracy: 0.64556664, Loss: 1.145514 --- Tue Feb 20 15:57:34 2018
Step 3610, Accuracy: 0.6370333, Loss: 1.1496959 --- Tue Feb 20 15:58:02 2018
Step 3620, Accuracy: 0.63989997, Loss: 1.1548789 --- Tue Feb 20 15:58:30 2018
Step 3630, Accuracy: 0.6404333, Loss: 1.1463478 --- Tue Feb 20 15:58:59 2018
Step 3640, Accuracy: 0.63853335, Loss: 1.1509144 --- Tue Feb 20 15:59:27 2018
Step 3650, Accuracy: 0.6390334, Loss: 1.1567599 --- Tue Feb 20 15:59:55 2018
Step 3660, Accuracy: 0.6396667, Loss: 1.1452992 --- Tue Feb 20 16:00:24 2018
Step 3670, Accuracy: 0.63493335, Loss: 1.1547232 --- Tue Feb 20 16:00:52 2018
Step 3680, Accuracy: 0.63390005, Loss: 1.1688182 --- Tue Feb 20 16:01:20 2018
Step 3690, Accuracy: 0.6379, Loss: 1.1549399 --- Tue Feb 20 16:01:49 2018
Step 3700, Accuracy: 0.6362667, Loss: 1.1574491 --- Tue Feb 20 16:02:17 2018
Step 3710, Accuracy: 0.6407666, Loss: 1.1572058 --- Tue Feb 20 16:02:46 2018
Step 3720, Accuracy: 0.6386666, Loss: 1.1572236 --- Tue Feb 20 16:03:14 2018
Step 3730, Accuracy: 0.64430004, Loss: 1.1451538 --- Tue Feb 20 16:03:42 2018
Step 3740, Accuracy: 0.64113337, Loss: 1.1531245 --- Tue Feb 20 16:04:10 2018
Step 3750, Accuracy: 0.64063334, Loss: 1.150646 --- Tue Feb 20 16:04:39 2018
Step 3760, Accuracy: 0.63560003, Loss: 1.1588587 --- Tue Feb 20 16:05:07 2018
Step 3770, Accuracy: 0.641, Loss: 1.1423966 --- Tue Feb 20 16:05:35 2018
Step 3780, Accuracy: 0.6388334, Loss: 1.1541522 --- Tue Feb 20 16:06:03 2018
Step 3790, Accuracy: 0.6417333, Loss: 1.1402705 --- Tue Feb 20 16:06:32 2018
Step 3800, Accuracy: 0.6350333, Loss: 1.1665542 --- Tue Feb 20 16:07:00 2018
Step 3810, Accuracy: 0.6408, Loss: 1.1543646 --- Tue Feb 20 16:07:28 2018
Step 3820, Accuracy: 0.6336333, Loss: 1.1657189 --- Tue Feb 20 16:07:57 2018
Step 3830, Accuracy: 0.6346333, Loss: 1.1604668 --- Tue Feb 20 16:08:25 2018
Step 3840, Accuracy: 0.6382333, Loss: 1.1603289 --- Tue Feb 20 16:08:53 2018
Step 3850, Accuracy: 0.6353667, Loss: 1.1626668 --- Tue Feb 20 16:09:21 2018
Step 3860, Accuracy: 0.6410667, Loss: 1.1541115 --- Tue Feb 20 16:09:50 2018
Step 3870, Accuracy: 0.63539994, Loss: 1.1656145 --- Tue Feb 20 16:10:18 2018
Step 3880, Accuracy: 0.6374333, Loss: 1.1586103 --- Tue Feb 20 16:10:46 2018
Step 3890, Accuracy: 0.63869995, Loss: 1.1575763 --- Tue Feb 20 16:11:14 2018
Step 3900, Accuracy: 0.63563335, Loss: 1.1565775 --- Tue Feb 20 16:11:43 2018
Step 3910, Accuracy: 0.63736665, Loss: 1.1550102 --- Tue Feb 20 16:12:11 2018
Step 3920, Accuracy: 0.63586664, Loss: 1.1629024 --- Tue Feb 20 16:12:39 2018
Step 3930, Accuracy: 0.6400667, Loss: 1.1511708 --- Tue Feb 20 16:13:07 2018
Step 3940, Accuracy: 0.6349, Loss: 1.162261 --- Tue Feb 20 16:13:35 2018
Step 3950, Accuracy: 0.6375667, Loss: 1.1538358 --- Tue Feb 20 16:14:04 2018
Step 3960, Accuracy: 0.63399994, Loss: 1.1607572 --- Tue Feb 20 16:14:32 2018
Step 3970, Accuracy: 0.64073336, Loss: 1.151437 --- Tue Feb 20 16:15:01 2018
Step 3980, Accuracy: 0.6397667, Loss: 1.162296 --- Tue Feb 20 16:15:29 2018
Step 3990, Accuracy: 0.6328667, Loss: 1.1813984 --- Tue Feb 20 16:15:57 2018
Step 4000, Accuracy: 0.6408334, Loss: 1.1519611 --- Tue Feb 20 16:16:25 2018
-----------------------------------------------------------
This is a text sample at step 4000
-----------------------------------------------------------
Step 4010, Accuracy: 0.63553333, Loss: 1.1646588 --- Tue Feb 20 16:16:54 2018
Step 4020, Accuracy: 0.63876665, Loss: 1.1585178 --- Tue Feb 20 16:17:22 2018
Step 4030, Accuracy: 0.6376333, Loss: 1.1540496 --- Tue Feb 20 16:17:50 2018
Step 4040, Accuracy: 0.6388334, Loss: 1.1558559 --- Tue Feb 20 16:18:18 2018
Step 4050, Accuracy: 0.63893336, Loss: 1.1555295 --- Tue Feb 20 16:18:46 2018
Step 4060, Accuracy: 0.6411667, Loss: 1.1406367 --- Tue Feb 20 16:19:15 2018
Step 4070, Accuracy: 0.6370667, Loss: 1.1581655 --- Tue Feb 20 16:19:43 2018
Step 4080, Accuracy: 0.6354, Loss: 1.1653922 --- Tue Feb 20 16:20:11 2018
Step 4090, Accuracy: 0.6365667, Loss: 1.167646 --- Tue Feb 20 16:20:40 2018
Step 4100, Accuracy: 0.64226663, Loss: 1.1463937 --- Tue Feb 20 16:21:08 2018
Step 4110, Accuracy: 0.63883334, Loss: 1.1485 --- Tue Feb 20 16:21:37 2018
Step 4120, Accuracy: 0.6406667, Loss: 1.1433548 --- Tue Feb 20 16:22:06 2018
Step 4130, Accuracy: 0.63703334, Loss: 1.1581326 --- Tue Feb 20 16:22:35 2018
Step 4140, Accuracy: 0.6396, Loss: 1.1431521 --- Tue Feb 20 16:23:03 2018
Step 4150, Accuracy: 0.63920003, Loss: 1.1410326 --- Tue Feb 20 16:23:32 2018
Step 4160, Accuracy: 0.6436666, Loss: 1.1456072 --- Tue Feb 20 16:24:00 2018
Step 4170, Accuracy: 0.6396333, Loss: 1.1573088 --- Tue Feb 20 16:24:29 2018
Step 4180, Accuracy: 0.64776665, Loss: 1.1303964 --- Tue Feb 20 16:24:57 2018
Step 4190, Accuracy: 0.6405, Loss: 1.1537055 --- Tue Feb 20 16:25:25 2018
Step 4200, Accuracy: 0.63983333, Loss: 1.1734335 --- Tue Feb 20 16:25:54 2018
Step 4210, Accuracy: 0.64169997, Loss: 1.1512994 --- Tue Feb 20 16:26:22 2018
Step 4220, Accuracy: 0.6414, Loss: 1.1529379 --- Tue Feb 20 16:26:51 2018
Step 4230, Accuracy: 0.63706666, Loss: 1.1506183 --- Tue Feb 20 16:27:19 2018
Step 4240, Accuracy: 0.6432666, Loss: 1.1399379 --- Tue Feb 20 16:27:48 2018
Step 4250, Accuracy: 0.6405, Loss: 1.1546848 --- Tue Feb 20 16:28:16 2018
Step 4260, Accuracy: 0.6436667, Loss: 1.1410388 --- Tue Feb 20 16:28:44 2018
Step 4270, Accuracy: 0.63856673, Loss: 1.1589462 --- Tue Feb 20 16:29:13 2018
Step 4280, Accuracy: 0.64156663, Loss: 1.1448952 --- Tue Feb 20 16:29:41 2018
Step 4290, Accuracy: 0.6413333, Loss: 1.1389543 --- Tue Feb 20 16:30:09 2018
Step 4300, Accuracy: 0.64246666, Loss: 1.143654 --- Tue Feb 20 16:30:37 2018
Step 4310, Accuracy: 0.6454666, Loss: 1.1378105 --- Tue Feb 20 16:31:05 2018
Step 4320, Accuracy: 0.6407666, Loss: 1.147533 --- Tue Feb 20 16:31:33 2018
Step 4330, Accuracy: 0.6358, Loss: 1.1601957 --- Tue Feb 20 16:32:01 2018
Step 4340, Accuracy: 0.6400333, Loss: 1.1592522 --- Tue Feb 20 16:32:29 2018
Step 4350, Accuracy: 0.63846666, Loss: 1.1579539 --- Tue Feb 20 16:32:57 2018
Step 4360, Accuracy: 0.63893336, Loss: 1.1648644 --- Tue Feb 20 16:33:25 2018
Step 4370, Accuracy: 0.6396667, Loss: 1.1577116 --- Tue Feb 20 16:33:53 2018
Step 4380, Accuracy: 0.6351, Loss: 1.1510861 --- Tue Feb 20 16:34:22 2018
Step 4390, Accuracy: 0.6379333, Loss: 1.1501147 --- Tue Feb 20 16:34:50 2018
Step 4400, Accuracy: 0.6396667, Loss: 1.1469421 --- Tue Feb 20 16:35:18 2018
Step 4410, Accuracy: 0.6360333, Loss: 1.1615608 --- Tue Feb 20 16:35:46 2018
Step 4420, Accuracy: 0.6398667, Loss: 1.1490805 --- Tue Feb 20 16:36:14 2018
Step 4430, Accuracy: 0.6427, Loss: 1.1457441 --- Tue Feb 20 16:36:43 2018
Step 4440, Accuracy: 0.6395, Loss: 1.1499703 --- Tue Feb 20 16:37:11 2018
Step 4450, Accuracy: 0.6455333, Loss: 1.1352266 --- Tue Feb 20 16:37:39 2018
Step 4460, Accuracy: 0.64136666, Loss: 1.1486114 --- Tue Feb 20 16:38:07 2018
Step 4470, Accuracy: 0.63726676, Loss: 1.1627297 --- Tue Feb 20 16:38:35 2018
Step 4480, Accuracy: 0.63729995, Loss: 1.1612813 --- Tue Feb 20 16:39:03 2018
Step 4490, Accuracy: 0.64243335, Loss: 1.1420406 --- Tue Feb 20 16:39:31 2018
Step 4500, Accuracy: 0.6520333, Loss: 1.1090646 --- Tue Feb 20 16:39:59 2018
-----------------------------------------------------------
This is a text sample at step 4500
-----------------------------------------------------------
Step 4510, Accuracy: 0.6454, Loss: 1.1417567 --- Tue Feb 20 16:40:28 2018
Step 4520, Accuracy: 0.6489333, Loss: 1.1316102 --- Tue Feb 20 16:40:56 2018
Step 4530, Accuracy: 0.6461333, Loss: 1.1403933 --- Tue Feb 20 16:41:23 2018
Step 4540, Accuracy: 0.6475, Loss: 1.1237175 --- Tue Feb 20 16:41:51 2018
Step 4550, Accuracy: 0.6448667, Loss: 1.1321033 --- Tue Feb 20 16:42:20 2018
Step 4560, Accuracy: 0.6457, Loss: 1.1373106 --- Tue Feb 20 16:42:48 2018
Step 4570, Accuracy: 0.64636666, Loss: 1.1303545 --- Tue Feb 20 16:43:16 2018
Step 4580, Accuracy: 0.65026677, Loss: 1.1074978 --- Tue Feb 20 16:43:44 2018
Step 4590, Accuracy: 0.64993334, Loss: 1.1165079 --- Tue Feb 20 16:44:13 2018
Step 4600, Accuracy: 0.64523333, Loss: 1.1232138 --- Tue Feb 20 16:44:41 2018
Step 4610, Accuracy: 0.64293337, Loss: 1.1285697 --- Tue Feb 20 16:45:09 2018
Step 4620, Accuracy: 0.6429667, Loss: 1.1379995 --- Tue Feb 20 16:45:37 2018
Step 4630, Accuracy: 0.64129996, Loss: 1.1243863 --- Tue Feb 20 16:46:05 2018
Step 4640, Accuracy: 0.6446667, Loss: 1.1404425 --- Tue Feb 20 16:46:33 2018
Step 4650, Accuracy: 0.6522667, Loss: 1.1017812 --- Tue Feb 20 16:47:01 2018
Step 4660, Accuracy: 0.64383334, Loss: 1.1280171 --- Tue Feb 20 16:47:29 2018
Step 4670, Accuracy: 0.6454333, Loss: 1.1372764 --- Tue Feb 20 16:47:58 2018
Step 4680, Accuracy: 0.6461, Loss: 1.130769 --- Tue Feb 20 16:48:26 2018
Step 4690, Accuracy: 0.6396, Loss: 1.1379759 --- Tue Feb 20 16:48:54 2018
Step 4700, Accuracy: 0.6462, Loss: 1.1330321 --- Tue Feb 20 16:49:23 2018
Step 4710, Accuracy: 0.6475, Loss: 1.1243031 --- Tue Feb 20 16:49:51 2018
Step 4720, Accuracy: 0.6446667, Loss: 1.132715 --- Tue Feb 20 16:50:20 2018
Step 4730, Accuracy: 0.6450333, Loss: 1.1319535 --- Tue Feb 20 16:50:48 2018
Step 4740, Accuracy: 0.64353335, Loss: 1.1365323 --- Tue Feb 20 16:51:16 2018
Step 4750, Accuracy: 0.6468667, Loss: 1.129403 --- Tue Feb 20 16:51:44 2018
Step 4760, Accuracy: 0.65056664, Loss: 1.1102066 --- Tue Feb 20 16:52:12 2018
Step 4770, Accuracy: 0.6502334, Loss: 1.1159357 --- Tue Feb 20 16:52:40 2018
Step 4780, Accuracy: 0.64559996, Loss: 1.1307461 --- Tue Feb 20 16:53:08 2018
Step 4790, Accuracy: 0.64510006, Loss: 1.135895 --- Tue Feb 20 16:53:36 2018
Step 4800, Accuracy: 0.6450333, Loss: 1.1289159 --- Tue Feb 20 16:54:04 2018
Step 4810, Accuracy: 0.64596665, Loss: 1.1206381 --- Tue Feb 20 16:54:32 2018
Step 4820, Accuracy: 0.6402, Loss: 1.1356823 --- Tue Feb 20 16:55:00 2018
Step 4830, Accuracy: 0.6466, Loss: 1.1300814 --- Tue Feb 20 16:55:28 2018
Step 4835, Accuracy: 0.5466667, Loss: 1.5782394 --- Tue Feb 20 16:56:35 2018
Step 4840, Accuracy: 0.6311334, Loss: 1.2112662 --- Tue Feb 20 16:56:49 2018
Step 4850, Accuracy: 0.6449667, Loss: 1.1347458 --- Tue Feb 20 16:57:18 2018
Step 4860, Accuracy: 0.6516334, Loss: 1.1190097 --- Tue Feb 20 16:57:46 2018
Step 4870, Accuracy: 0.65059996, Loss: 1.119694 --- Tue Feb 20 16:58:15 2018
Step 4880, Accuracy: 0.65003335, Loss: 1.1151232 --- Tue Feb 20 16:58:43 2018
Step 4890, Accuracy: 0.6472667, Loss: 1.1252733 --- Tue Feb 20 16:59:12 2018
Step 4900, Accuracy: 0.6440333, Loss: 1.1475486 --- Tue Feb 20 16:59:41 2018
Step 4910, Accuracy: 0.64953333, Loss: 1.1125987 --- Tue Feb 20 17:00:10 2018
Step 4920, Accuracy: 0.64909995, Loss: 1.1184518 --- Tue Feb 20 17:00:38 2018
Step 4930, Accuracy: 0.6487, Loss: 1.1205862 --- Tue Feb 20 17:01:07 2018
Step 4940, Accuracy: 0.6442333, Loss: 1.1320059 --- Tue Feb 20 17:01:36 2018
Step 4950, Accuracy: 0.6480333, Loss: 1.1137316 --- Tue Feb 20 17:02:04 2018
Step 4960, Accuracy: 0.6543667, Loss: 1.1008021 --- Tue Feb 20 17:02:32 2018
Step 4970, Accuracy: 0.64896667, Loss: 1.1096348 --- Tue Feb 20 17:03:01 2018
Step 4980, Accuracy: 0.65036666, Loss: 1.1133184 --- Tue Feb 20 17:03:30 2018
Step 4990, Accuracy: 0.6585667, Loss: 1.0922778 --- Tue Feb 20 17:03:58 2018
Step 5000, Accuracy: 0.653, Loss: 1.1073829 --- Tue Feb 20 17:04:27 2018
-----------------------------------------------------------
This is a text sample at step 5000
-----------------------------------------------------------
Step 5010, Accuracy: 0.64256674, Loss: 1.1388389 --- Tue Feb 20 17:04:54 2018
Step 5020, Accuracy: 0.6540333, Loss: 1.1014283 --- Tue Feb 20 17:05:19 2018
Step 5030, Accuracy: 0.64426666, Loss: 1.1309245 --- Tue Feb 20 17:05:47 2018
Step 5040, Accuracy: 0.6497, Loss: 1.1184751 --- Tue Feb 20 17:06:15 2018
Step 5050, Accuracy: 0.64660007, Loss: 1.122604 --- Tue Feb 20 17:06:43 2018
Step 5060, Accuracy: 0.6490333, Loss: 1.1100967 --- Tue Feb 20 17:07:11 2018
Step 5070, Accuracy: 0.6518, Loss: 1.109108 --- Tue Feb 20 17:07:39 2018
Step 5080, Accuracy: 0.64729995, Loss: 1.1200842 --- Tue Feb 20 17:08:07 2018
Step 5090, Accuracy: 0.6504, Loss: 1.107418 --- Tue Feb 20 17:08:35 2018
Step 5100, Accuracy: 0.6485667, Loss: 1.1150825 --- Tue Feb 20 17:09:03 2018
Step 5110, Accuracy: 0.6499666, Loss: 1.1118534 --- Tue Feb 20 17:09:31 2018
Step 5120, Accuracy: 0.6466333, Loss: 1.1128905 --- Tue Feb 20 17:09:58 2018
Step 5130, Accuracy: 0.6559334, Loss: 1.085242 --- Tue Feb 20 17:10:26 2018
Step 5140, Accuracy: 0.6522333, Loss: 1.11116 --- Tue Feb 20 17:10:54 2018
Step 5150, Accuracy: 0.6504667, Loss: 1.111306 --- Tue Feb 20 17:11:22 2018
Step 5160, Accuracy: 0.6519333, Loss: 1.1038752 --- Tue Feb 20 17:11:50 2018
Step 5170, Accuracy: 0.6510333, Loss: 1.1078202 --- Tue Feb 20 17:12:17 2018
Step 5180, Accuracy: 0.6518667, Loss: 1.1138318 --- Tue Feb 20 17:12:45 2018
Step 5190, Accuracy: 0.64876664, Loss: 1.1140956 --- Tue Feb 20 17:13:13 2018
Step 5200, Accuracy: 0.6492, Loss: 1.1211169 --- Tue Feb 20 17:13:41 2018
Step 5210, Accuracy: 0.65456665, Loss: 1.1035453 --- Tue Feb 20 17:14:08 2018
Step 5220, Accuracy: 0.65040004, Loss: 1.1028924 --- Tue Feb 20 17:14:36 2018
Step 5230, Accuracy: 0.64903337, Loss: 1.1070071 --- Tue Feb 20 17:15:04 2018
Step 5240, Accuracy: 0.6453666, Loss: 1.1247032 --- Tue Feb 20 17:15:32 2018
Step 5250, Accuracy: 0.64943326, Loss: 1.1088089 --- Tue Feb 20 17:16:00 2018
Step 5260, Accuracy: 0.6576667, Loss: 1.0845914 --- Tue Feb 20 17:16:28 2018
Step 5270, Accuracy: 0.6515667, Loss: 1.1039755 --- Tue Feb 20 17:16:56 2018
Step 5280, Accuracy: 0.6494334, Loss: 1.1062804 --- Tue Feb 20 17:17:24 2018
Step 5290, Accuracy: 0.64760005, Loss: 1.117327 --- Tue Feb 20 17:17:52 2018
Step 5300, Accuracy: 0.65256673, Loss: 1.109787 --- Tue Feb 20 17:18:19 2018
Step 5310, Accuracy: 0.6478666, Loss: 1.1177623 --- Tue Feb 20 17:18:47 2018
Step 5320, Accuracy: 0.65816665, Loss: 1.0880903 --- Tue Feb 20 17:19:15 2018
Step 5330, Accuracy: 0.6479667, Loss: 1.1219264 --- Tue Feb 20 17:19:43 2018
Step 5340, Accuracy: 0.6472, Loss: 1.116175 --- Tue Feb 20 17:20:11 2018
Step 5350, Accuracy: 0.64919996, Loss: 1.1124496 --- Tue Feb 20 17:20:39 2018
Step 5360, Accuracy: 0.6503, Loss: 1.1073912 --- Tue Feb 20 17:21:07 2018
Step 5370, Accuracy: 0.6530334, Loss: 1.0978327 --- Tue Feb 20 17:21:34 2018
Step 5380, Accuracy: 0.6509, Loss: 1.104276 --- Tue Feb 20 17:22:02 2018
Step 5390, Accuracy: 0.6553667, Loss: 1.090119 --- Tue Feb 20 17:22:30 2018
Step 5400, Accuracy: 0.6470666, Loss: 1.1134503 --- Tue Feb 20 17:22:58 2018
Step 5410, Accuracy: 0.6452, Loss: 1.124449 --- Tue Feb 20 17:23:25 2018
Step 5420, Accuracy: 0.649, Loss: 1.1058491 --- Tue Feb 20 17:23:53 2018
Step 5430, Accuracy: 0.6501333, Loss: 1.121999 --- Tue Feb 20 17:24:21 2018
Step 5440, Accuracy: 0.64926666, Loss: 1.1121638 --- Tue Feb 20 17:24:49 2018
Step 5450, Accuracy: 0.64919996, Loss: 1.115363 --- Tue Feb 20 17:25:17 2018
Step 5460, Accuracy: 0.6587, Loss: 1.0873356 --- Tue Feb 20 17:25:45 2018
Step 5470, Accuracy: 0.6515667, Loss: 1.1092577 --- Tue Feb 20 17:26:13 2018
Step 5480, Accuracy: 0.6546, Loss: 1.1051357 --- Tue Feb 20 17:26:41 2018
Step 5490, Accuracy: 0.65176666, Loss: 1.1064483 --- Tue Feb 20 17:27:09 2018
Step 5500, Accuracy: 0.6537667, Loss: 1.1006157 --- Tue Feb 20 17:27:37 2018
-----------------------------------------------------------
This is a text sample at step 5500
-----------------------------------------------------------
Step 5510, Accuracy: 0.65583336, Loss: 1.1029084 --- Tue Feb 20 17:28:06 2018
Step 5520, Accuracy: 0.65306664, Loss: 1.1027277 --- Tue Feb 20 17:28:33 2018
Step 5530, Accuracy: 0.6552333, Loss: 1.0919617 --- Tue Feb 20 17:29:01 2018
Step 5540, Accuracy: 0.6461, Loss: 1.123158 --- Tue Feb 20 17:29:29 2018
Step 5550, Accuracy: 0.6491333, Loss: 1.1083139 --- Tue Feb 20 17:29:57 2018
Step 5560, Accuracy: 0.6497667, Loss: 1.1083333 --- Tue Feb 20 17:30:25 2018
Step 5570, Accuracy: 0.6495334, Loss: 1.0991528 --- Tue Feb 20 17:30:53 2018
Step 5580, Accuracy: 0.6464, Loss: 1.1160285 --- Tue Feb 20 17:31:21 2018
Step 5590, Accuracy: 0.6441, Loss: 1.134622 --- Tue Feb 20 17:31:49 2018
Step 5600, Accuracy: 0.65036666, Loss: 1.1152045 --- Tue Feb 20 17:32:17 2018
Step 5610, Accuracy: 0.65306664, Loss: 1.0983589 --- Tue Feb 20 17:32:46 2018
Step 5620, Accuracy: 0.65430003, Loss: 1.0928707 --- Tue Feb 20 17:33:14 2018
Step 5630, Accuracy: 0.6480667, Loss: 1.1144764 --- Tue Feb 20 17:33:42 2018
Step 5640, Accuracy: 0.6487, Loss: 1.1164564 --- Tue Feb 20 17:34:10 2018
Step 5650, Accuracy: 0.65440005, Loss: 1.1160529 --- Tue Feb 20 17:34:38 2018
Step 5660, Accuracy: 0.65183336, Loss: 1.110781 --- Tue Feb 20 17:35:06 2018
Step 5670, Accuracy: 0.6550666, Loss: 1.0969795 --- Tue Feb 20 17:35:34 2018
Step 5680, Accuracy: 0.6576666, Loss: 1.0840428 --- Tue Feb 20 17:36:02 2018
Step 5690, Accuracy: 0.6518667, Loss: 1.1108831 --- Tue Feb 20 17:36:31 2018
Step 5700, Accuracy: 0.653, Loss: 1.1152487 --- Tue Feb 20 17:36:59 2018
Step 5710, Accuracy: 0.6498, Loss: 1.1235316 --- Tue Feb 20 17:37:27 2018
Step 5720, Accuracy: 0.6533667, Loss: 1.1106019 --- Tue Feb 20 17:37:55 2018
Step 5730, Accuracy: 0.65379995, Loss: 1.1043541 --- Tue Feb 20 17:38:23 2018
Step 5740, Accuracy: 0.6482667, Loss: 1.1103551 --- Tue Feb 20 17:38:50 2018
Step 5750, Accuracy: 0.6548, Loss: 1.098558 --- Tue Feb 20 17:39:18 2018
Step 5760, Accuracy: 0.6543, Loss: 1.1018488 --- Tue Feb 20 17:39:46 2018
Step 5770, Accuracy: 0.6547, Loss: 1.1048667 --- Tue Feb 20 17:40:14 2018
Step 5780, Accuracy: 0.65106666, Loss: 1.1059824 --- Tue Feb 20 17:40:42 2018
Step 5790, Accuracy: 0.6553, Loss: 1.0928648 --- Tue Feb 20 17:41:10 2018
Step 5800, Accuracy: 0.65940005, Loss: 1.0815959 --- Tue Feb 20 17:41:38 2018
Step 5810, Accuracy: 0.65099996, Loss: 1.1017797 --- Tue Feb 20 17:42:06 2018
Step 5820, Accuracy: 0.65190005, Loss: 1.1115649 --- Tue Feb 20 17:42:34 2018
Step 5830, Accuracy: 0.6523334, Loss: 1.1138489 --- Tue Feb 20 17:43:02 2018
Step 5840, Accuracy: 0.66166663, Loss: 1.0761956 --- Tue Feb 20 17:43:30 2018
Step 5850, Accuracy: 0.6581333, Loss: 1.0846618 --- Tue Feb 20 17:43:58 2018
Step 5860, Accuracy: 0.6552333, Loss: 1.0927466 --- Tue Feb 20 17:44:26 2018
Step 5870, Accuracy: 0.6554, Loss: 1.0879185 --- Tue Feb 20 17:44:54 2018
Step 5880, Accuracy: 0.6585333, Loss: 1.0891948 --- Tue Feb 20 17:45:22 2018
Step 5890, Accuracy: 0.65756667, Loss: 1.0908153 --- Tue Feb 20 17:45:50 2018
Step 5900, Accuracy: 0.6544, Loss: 1.1031374 --- Tue Feb 20 17:46:18 2018
Step 5910, Accuracy: 0.6542333, Loss: 1.087792 --- Tue Feb 20 17:46:46 2018
Step 5920, Accuracy: 0.65386665, Loss: 1.1008741 --- Tue Feb 20 17:47:14 2018
Step 5930, Accuracy: 0.6571, Loss: 1.0812864 --- Tue Feb 20 17:47:42 2018
Step 5940, Accuracy: 0.6526333, Loss: 1.0995882 --- Tue Feb 20 17:48:10 2018
Step 5950, Accuracy: 0.6602, Loss: 1.0853462 --- Tue Feb 20 17:48:37 2018
Step 5960, Accuracy: 0.6547, Loss: 1.0908407 --- Tue Feb 20 17:49:05 2018
Step 5970, Accuracy: 0.6523, Loss: 1.1042556 --- Tue Feb 20 17:49:33 2018
Step 5980, Accuracy: 0.65003335, Loss: 1.1115345 --- Tue Feb 20 17:50:01 2018
Step 5990, Accuracy: 0.66006666, Loss: 1.0832384 --- Tue Feb 20 17:50:29 2018
Step 6000, Accuracy: 0.65526664, Loss: 1.0964527 --- Tue Feb 20 17:50:57 2018
-----------------------------------------------------------
This is a text sample at step 6000
-----------------------------------------------------------
Step 6010, Accuracy: 0.65016663, Loss: 1.1148204 --- Tue Feb 20 17:51:26 2018
Step 6020, Accuracy: 0.66246665, Loss: 1.0643051 --- Tue Feb 20 17:51:54 2018
Step 6030, Accuracy: 0.6526, Loss: 1.098936 --- Tue Feb 20 17:52:23 2018
Step 6040, Accuracy: 0.6568, Loss: 1.0868709 --- Tue Feb 20 17:52:51 2018
Step 6050, Accuracy: 0.65493333, Loss: 1.098726 --- Tue Feb 20 17:53:19 2018
Step 6060, Accuracy: 0.6566667, Loss: 1.0932002 --- Tue Feb 20 17:53:47 2018
Step 6070, Accuracy: 0.6539, Loss: 1.0982196 --- Tue Feb 20 17:54:16 2018
Step 6080, Accuracy: 0.65353334, Loss: 1.1016151 --- Tue Feb 20 17:54:44 2018
Step 6090, Accuracy: 0.6578, Loss: 1.0891011 --- Tue Feb 20 17:55:12 2018
Step 6100, Accuracy: 0.65690005, Loss: 1.0934885 --- Tue Feb 20 17:55:40 2018
Step 6110, Accuracy: 0.65746665, Loss: 1.0912079 --- Tue Feb 20 17:56:08 2018
Step 6120, Accuracy: 0.6534333, Loss: 1.094795 --- Tue Feb 20 17:56:37 2018
Step 6130, Accuracy: 0.65900004, Loss: 1.0830984 --- Tue Feb 20 17:57:05 2018
Step 6140, Accuracy: 0.6588334, Loss: 1.0815127 --- Tue Feb 20 17:57:33 2018
Step 6150, Accuracy: 0.6605667, Loss: 1.0784258 --- Tue Feb 20 17:58:01 2018
Step 6160, Accuracy: 0.6605667, Loss: 1.0844628 --- Tue Feb 20 17:58:29 2018
Step 6170, Accuracy: 0.6569333, Loss: 1.0858781 --- Tue Feb 20 17:58:58 2018
Step 6180, Accuracy: 0.6581333, Loss: 1.0757089 --- Tue Feb 20 17:59:26 2018
Step 6190, Accuracy: 0.66130006, Loss: 1.0703663 --- Tue Feb 20 17:59:54 2018
Step 6200, Accuracy: 0.65653336, Loss: 1.0822632 --- Tue Feb 20 18:00:22 2018
Step 6210, Accuracy: 0.66033334, Loss: 1.0722126 --- Tue Feb 20 18:00:51 2018
Step 6220, Accuracy: 0.65250003, Loss: 1.0991601 --- Tue Feb 20 18:01:19 2018
Step 6230, Accuracy: 0.65500003, Loss: 1.095354 --- Tue Feb 20 18:01:47 2018
Step 6240, Accuracy: 0.6541333, Loss: 1.0997274 --- Tue Feb 20 18:02:15 2018
Step 6250, Accuracy: 0.66136664, Loss: 1.0765777 --- Tue Feb 20 18:02:43 2018
Step 6260, Accuracy: 0.6555333, Loss: 1.0811386 --- Tue Feb 20 18:03:11 2018
Step 6270, Accuracy: 0.6556, Loss: 1.0792748 --- Tue Feb 20 18:03:39 2018
Step 6280, Accuracy: 0.6576667, Loss: 1.0803645 --- Tue Feb 20 18:04:07 2018
Step 6290, Accuracy: 0.65830004, Loss: 1.0885012 --- Tue Feb 20 18:04:35 2018
Step 6300, Accuracy: 0.6540333, Loss: 1.082939 --- Tue Feb 20 18:05:03 2018
Step 6310, Accuracy: 0.6581, Loss: 1.084055 --- Tue Feb 20 18:05:31 2018
Step 6320, Accuracy: 0.6646, Loss: 1.0575672 --- Tue Feb 20 18:05:59 2018
Step 6330, Accuracy: 0.65763336, Loss: 1.0850236 --- Tue Feb 20 18:06:27 2018
Step 6340, Accuracy: 0.6558, Loss: 1.0922073 --- Tue Feb 20 18:06:55 2018
Step 6350, Accuracy: 0.65806663, Loss: 1.0906146 --- Tue Feb 20 18:07:24 2018
Step 6360, Accuracy: 0.6556, Loss: 1.0823679 --- Tue Feb 20 18:07:52 2018
Step 6370, Accuracy: 0.6516667, Loss: 1.11146 --- Tue Feb 20 18:08:20 2018
Step 6380, Accuracy: 0.65316665, Loss: 1.1028008 --- Tue Feb 20 18:08:48 2018
Step 6390, Accuracy: 0.6617334, Loss: 1.0741956 --- Tue Feb 20 18:09:16 2018
Step 6400, Accuracy: 0.65936667, Loss: 1.0755742 --- Tue Feb 20 18:09:45 2018
Step 6410, Accuracy: 0.65746665, Loss: 1.0823596 --- Tue Feb 20 18:10:13 2018
Step 6420, Accuracy: 0.65806663, Loss: 1.0847559 --- Tue Feb 20 18:10:41 2018
Step 6430, Accuracy: 0.6538333, Loss: 1.099022 --- Tue Feb 20 18:11:09 2018
Step 6440, Accuracy: 0.6586, Loss: 1.0752695 --- Tue Feb 20 18:11:37 2018
Step 6450, Accuracy: 0.65283334, Loss: 1.0984042 --- Tue Feb 20 18:12:06 2018
Step 6460, Accuracy: 0.65853333, Loss: 1.0889316 --- Tue Feb 20 18:12:34 2018
Step 6470, Accuracy: 0.65826666, Loss: 1.0963207 --- Tue Feb 20 18:13:02 2018
Step 6480, Accuracy: 0.65216666, Loss: 1.0967306 --- Tue Feb 20 18:13:30 2018
Step 6490, Accuracy: 0.6561333, Loss: 1.090975 --- Tue Feb 20 18:13:59 2018
Step 6500, Accuracy: 0.66716665, Loss: 1.064103 --- Tue Feb 20 18:14:27 2018
-----------------------------------------------------------
This is a text sample at step 6500
-----------------------------------------------------------
Step 6510, Accuracy: 0.6601333, Loss: 1.0756199 --- Tue Feb 20 18:14:55 2018
Step 6520, Accuracy: 0.66353333, Loss: 1.0639409 --- Tue Feb 20 18:15:23 2018
Step 6530, Accuracy: 0.6587666, Loss: 1.0886333 --- Tue Feb 20 18:15:51 2018
Step 6540, Accuracy: 0.65736663, Loss: 1.0846552 --- Tue Feb 20 18:16:19 2018
Step 6550, Accuracy: 0.66043335, Loss: 1.0836766 --- Tue Feb 20 18:16:47 2018
Step 6560, Accuracy: 0.6597667, Loss: 1.0809208 --- Tue Feb 20 18:17:15 2018
Step 6570, Accuracy: 0.6545333, Loss: 1.0855207 --- Tue Feb 20 18:17:43 2018
Step 6580, Accuracy: 0.6634, Loss: 1.0589002 --- Tue Feb 20 18:18:11 2018
Step 6590, Accuracy: 0.6577333, Loss: 1.0849801 --- Tue Feb 20 18:18:39 2018
Step 6600, Accuracy: 0.66083336, Loss: 1.0764796 --- Tue Feb 20 18:19:07 2018
Step 6610, Accuracy: 0.65513337, Loss: 1.0779469 --- Tue Feb 20 18:19:35 2018
Step 6620, Accuracy: 0.65596664, Loss: 1.0838478 --- Tue Feb 20 18:20:03 2018
Step 6630, Accuracy: 0.66103333, Loss: 1.0676626 --- Tue Feb 20 18:20:31 2018
Step 6640, Accuracy: 0.6554667, Loss: 1.0775335 --- Tue Feb 20 18:20:59 2018
Step 6650, Accuracy: 0.65643334, Loss: 1.0919912 --- Tue Feb 20 18:21:26 2018
Step 6660, Accuracy: 0.65349996, Loss: 1.0981276 --- Tue Feb 20 18:21:54 2018
Step 6670, Accuracy: 0.65550005, Loss: 1.0831801 --- Tue Feb 20 18:22:22 2018
Step 6680, Accuracy: 0.6513332, Loss: 1.1035385 --- Tue Feb 20 18:22:50 2018
Step 6690, Accuracy: 0.6563667, Loss: 1.0954411 --- Tue Feb 20 18:23:18 2018
Step 6700, Accuracy: 0.66413337, Loss: 1.0615752 --- Tue Feb 20 18:23:46 2018
Step 6710, Accuracy: 0.65723336, Loss: 1.0881463 --- Tue Feb 20 18:24:14 2018
Step 6720, Accuracy: 0.66209996, Loss: 1.0705391 --- Tue Feb 20 18:24:43 2018
Step 6730, Accuracy: 0.6599, Loss: 1.0684354 --- Tue Feb 20 18:25:11 2018
Step 6740, Accuracy: 0.6644667, Loss: 1.0601232 --- Tue Feb 20 18:25:39 2018
Step 6750, Accuracy: 0.6557, Loss: 1.0764139 --- Tue Feb 20 18:26:07 2018
Step 6760, Accuracy: 0.6516334, Loss: 1.083842 --- Tue Feb 20 18:26:35 2018
Step 6770, Accuracy: 0.65886664, Loss: 1.0784419 --- Tue Feb 20 18:27:03 2018
Step 6780, Accuracy: 0.6558, Loss: 1.0754446 --- Tue Feb 20 18:27:30 2018
Step 6790, Accuracy: 0.6629333, Loss: 1.0764639 --- Tue Feb 20 18:27:58 2018
Step 6800, Accuracy: 0.66110003, Loss: 1.0770118 --- Tue Feb 20 18:28:26 2018
Step 6810, Accuracy: 0.66110003, Loss: 1.0751957 --- Tue Feb 20 18:28:54 2018
Step 6820, Accuracy: 0.6569333, Loss: 1.0756952 --- Tue Feb 20 18:29:22 2018
Step 6830, Accuracy: 0.6579666, Loss: 1.0783217 --- Tue Feb 20 18:29:50 2018
Step 6840, Accuracy: 0.6562333, Loss: 1.0875062 --- Tue Feb 20 18:30:18 2018
Step 6850, Accuracy: 0.66076666, Loss: 1.0610633 --- Tue Feb 20 18:30:46 2018
Step 6860, Accuracy: 0.65863335, Loss: 1.0709274 --- Tue Feb 20 18:31:14 2018
Step 6870, Accuracy: 0.6557, Loss: 1.0785887 --- Tue Feb 20 18:31:42 2018
Step 6880, Accuracy: 0.65923333, Loss: 1.0782173 --- Tue Feb 20 18:32:10 2018
Step 6890, Accuracy: 0.65970004, Loss: 1.0603164 --- Tue Feb 20 18:32:38 2018
Step 6900, Accuracy: 0.66793334, Loss: 1.0476176 --- Tue Feb 20 18:33:05 2018
Step 6910, Accuracy: 0.6595667, Loss: 1.0701077 --- Tue Feb 20 18:33:33 2018
Step 6920, Accuracy: 0.6607666, Loss: 1.0655956 --- Tue Feb 20 18:34:01 2018
Step 6930, Accuracy: 0.66069996, Loss: 1.0709269 --- Tue Feb 20 18:34:29 2018
Step 6940, Accuracy: 0.65796673, Loss: 1.0772431 --- Tue Feb 20 18:34:57 2018
Step 6950, Accuracy: 0.66276664, Loss: 1.0609939 --- Tue Feb 20 18:35:24 2018
Step 6960, Accuracy: 0.6523333, Loss: 1.0874642 --- Tue Feb 20 18:35:52 2018
Step 6970, Accuracy: 0.6563, Loss: 1.0854547 --- Tue Feb 20 18:36:20 2018
Step 6980, Accuracy: 0.6641667, Loss: 1.0743983 --- Tue Feb 20 18:36:48 2018
Step 6990, Accuracy: 0.6602667, Loss: 1.0739883 --- Tue Feb 20 18:37:16 2018
Step 7000, Accuracy: 0.66186666, Loss: 1.0660965 --- Tue Feb 20 18:37:44 2018
-----------------------------------------------------------
This is a text sample at step 7000
-----------------------------------------------------------
Step 7010, Accuracy: 0.6604666, Loss: 1.0612209 --- Tue Feb 20 18:38:13 2018
Step 7020, Accuracy: 0.66396666, Loss: 1.0560443 --- Tue Feb 20 18:38:41 2018
Step 7030, Accuracy: 0.6591333, Loss: 1.0712953 --- Tue Feb 20 18:39:09 2018
Step 7040, Accuracy: 0.66256666, Loss: 1.0598323 --- Tue Feb 20 18:39:37 2018
Step 7050, Accuracy: 0.6583667, Loss: 1.0777621 --- Tue Feb 20 18:40:05 2018
Step 7060, Accuracy: 0.6633667, Loss: 1.0690305 --- Tue Feb 20 18:40:33 2018
Step 7070, Accuracy: 0.6625, Loss: 1.0733156 --- Tue Feb 20 18:41:01 2018
Step 7080, Accuracy: 0.66243327, Loss: 1.0658804 --- Tue Feb 20 18:41:30 2018
Step 7090, Accuracy: 0.6571, Loss: 1.0747296 --- Tue Feb 20 18:41:58 2018
Step 7100, Accuracy: 0.6605, Loss: 1.0711571 --- Tue Feb 20 18:42:26 2018
Step 7110, Accuracy: 0.6620667, Loss: 1.0667149 --- Tue Feb 20 18:42:54 2018
Step 7120, Accuracy: 0.6589001, Loss: 1.0722103 --- Tue Feb 20 18:43:22 2018
Step 7130, Accuracy: 0.65936667, Loss: 1.0743068 --- Tue Feb 20 18:43:50 2018
Step 7140, Accuracy: 0.6616, Loss: 1.0646946 --- Tue Feb 20 18:44:19 2018
Step 7150, Accuracy: 0.6645333, Loss: 1.0527289 --- Tue Feb 20 18:44:47 2018
Step 7160, Accuracy: 0.66373336, Loss: 1.065305 --- Tue Feb 20 18:45:15 2018
Step 7170, Accuracy: 0.66116667, Loss: 1.0759177 --- Tue Feb 20 18:45:43 2018
Step 7180, Accuracy: 0.6566, Loss: 1.0774658 --- Tue Feb 20 18:46:11 2018
Step 7190, Accuracy: 0.65873337, Loss: 1.0783651 --- Tue Feb 20 18:46:39 2018
Step 7200, Accuracy: 0.6633, Loss: 1.0652031 --- Tue Feb 20 18:47:07 2018
Step 7210, Accuracy: 0.6643, Loss: 1.0652872 --- Tue Feb 20 18:47:35 2018
Step 7220, Accuracy: 0.66106665, Loss: 1.0621623 --- Tue Feb 20 18:48:03 2018
Step 7230, Accuracy: 0.6651667, Loss: 1.0560113 --- Tue Feb 20 18:48:31 2018
Step 7240, Accuracy: 0.6662667, Loss: 1.0644535 --- Tue Feb 20 18:49:00 2018
Step 7250, Accuracy: 0.66603327, Loss: 1.057731 --- Tue Feb 20 18:49:28 2018
Step 7260, Accuracy: 0.6674334, Loss: 1.0478423 --- Tue Feb 20 18:49:55 2018
Step 7270, Accuracy: 0.66283333, Loss: 1.0650213 --- Tue Feb 20 18:50:24 2018
Step 7280, Accuracy: 0.66410005, Loss: 1.0578408 --- Tue Feb 20 18:50:52 2018
Step 7290, Accuracy: 0.65650004, Loss: 1.0856433 --- Tue Feb 20 18:51:20 2018
Step 7300, Accuracy: 0.66293335, Loss: 1.0583924 --- Tue Feb 20 18:51:48 2018
Step 7310, Accuracy: 0.66213334, Loss: 1.0621173 --- Tue Feb 20 18:52:16 2018
Step 7320, Accuracy: 0.66186666, Loss: 1.0660338 --- Tue Feb 20 18:52:43 2018
Step 7330, Accuracy: 0.66476667, Loss: 1.054948 --- Tue Feb 20 18:53:11 2018
Step 7340, Accuracy: 0.66976666, Loss: 1.0515811 --- Tue Feb 20 18:53:39 2018
Step 7350, Accuracy: 0.66106665, Loss: 1.0647144 --- Tue Feb 20 18:54:07 2018
Step 7360, Accuracy: 0.6590667, Loss: 1.0668225 --- Tue Feb 20 18:54:35 2018
Step 7370, Accuracy: 0.66076666, Loss: 1.0603753 --- Tue Feb 20 18:55:03 2018
Step 7380, Accuracy: 0.6696, Loss: 1.0440356 --- Tue Feb 20 18:55:31 2018
Step 7390, Accuracy: 0.66200006, Loss: 1.0633457 --- Tue Feb 20 18:55:59 2018
Step 7400, Accuracy: 0.6681, Loss: 1.0433182 --- Tue Feb 20 18:56:27 2018
Step 7410, Accuracy: 0.6593333, Loss: 1.0659376 --- Tue Feb 20 18:56:55 2018
Step 7420, Accuracy: 0.66779995, Loss: 1.0471693 --- Tue Feb 20 18:57:24 2018
Step 7430, Accuracy: 0.663, Loss: 1.0647008 --- Tue Feb 20 18:57:52 2018
Step 7440, Accuracy: 0.66419995, Loss: 1.0522001 --- Tue Feb 20 18:58:20 2018
Step 7450, Accuracy: 0.6661, Loss: 1.0512702 --- Tue Feb 20 18:58:48 2018
Step 7460, Accuracy: 0.6625, Loss: 1.0618136 --- Tue Feb 20 18:59:16 2018
Step 7470, Accuracy: 0.66480005, Loss: 1.0561167 --- Tue Feb 20 18:59:45 2018
Step 7480, Accuracy: 0.6640667, Loss: 1.0642351 --- Tue Feb 20 19:00:13 2018
Step 7490, Accuracy: 0.6662667, Loss: 1.0620468 --- Tue Feb 20 19:00:41 2018
Step 7500, Accuracy: 0.6630333, Loss: 1.0622513 --- Tue Feb 20 19:01:09 2018
-----------------------------------------------------------
This is a text sample at step 7500
-----------------------------------------------------------
Step 7510, Accuracy: 0.6682333, Loss: 1.0577747 --- Tue Feb 20 19:01:38 2018
Step 7520, Accuracy: 0.66429996, Loss: 1.0668722 --- Tue Feb 20 19:02:06 2018
Step 7530, Accuracy: 0.6677333, Loss: 1.04592 --- Tue Feb 20 19:02:35 2018
Step 7540, Accuracy: 0.66543335, Loss: 1.0513897 --- Tue Feb 20 19:03:03 2018
Step 7550, Accuracy: 0.6720333, Loss: 1.0339322 --- Tue Feb 20 19:03:30 2018
Step 7560, Accuracy: 0.6710333, Loss: 1.0338113 --- Tue Feb 20 19:03:58 2018
Step 7570, Accuracy: 0.6596666, Loss: 1.0678227 --- Tue Feb 20 19:04:27 2018
Step 7580, Accuracy: 0.6653, Loss: 1.0492667 --- Tue Feb 20 19:04:55 2018
Step 7590, Accuracy: 0.6687667, Loss: 1.0519899 --- Tue Feb 20 19:05:23 2018
Step 7600, Accuracy: 0.6705333, Loss: 1.0371113 --- Tue Feb 20 19:05:51 2018
Step 7610, Accuracy: 0.6684333, Loss: 1.0519061 --- Tue Feb 20 19:06:19 2018
Step 7620, Accuracy: 0.6681334, Loss: 1.0485947 --- Tue Feb 20 19:06:47 2018
Step 7630, Accuracy: 0.6621667, Loss: 1.068691 --- Tue Feb 20 19:07:15 2018
Step 7640, Accuracy: 0.66756666, Loss: 1.0454638 --- Tue Feb 20 19:07:43 2018
Step 7650, Accuracy: 0.6628001, Loss: 1.0614022 --- Tue Feb 20 19:08:11 2018
Step 7660, Accuracy: 0.6651667, Loss: 1.058383 --- Tue Feb 20 19:08:40 2018
Step 7670, Accuracy: 0.6683667, Loss: 1.0442449 --- Tue Feb 20 19:09:08 2018
Step 7680, Accuracy: 0.6615666, Loss: 1.0548964 --- Tue Feb 20 19:09:36 2018
Step 7690, Accuracy: 0.6642333, Loss: 1.0703102 --- Tue Feb 20 19:10:04 2018
Step 7700, Accuracy: 0.6618333, Loss: 1.0748774 --- Tue Feb 20 19:10:32 2018
Step 7710, Accuracy: 0.6635, Loss: 1.062792 --- Tue Feb 20 19:11:00 2018
Step 7720, Accuracy: 0.6646, Loss: 1.054795 --- Tue Feb 20 19:11:28 2018
Step 7730, Accuracy: 0.66789997, Loss: 1.0551045 --- Tue Feb 20 19:11:56 2018
Step 7740, Accuracy: 0.66859996, Loss: 1.044943 --- Tue Feb 20 19:12:24 2018
Step 7750, Accuracy: 0.66393334, Loss: 1.0637105 --- Tue Feb 20 19:12:53 2018
Step 7760, Accuracy: 0.66929996, Loss: 1.0485083 --- Tue Feb 20 19:13:21 2018
Step 7770, Accuracy: 0.6670333, Loss: 1.0504845 --- Tue Feb 20 19:13:49 2018
Step 7780, Accuracy: 0.6655, Loss: 1.05109 --- Tue Feb 20 19:14:17 2018
Step 7790, Accuracy: 0.66533333, Loss: 1.0416203 --- Tue Feb 20 19:14:45 2018
Step 7800, Accuracy: 0.66583335, Loss: 1.0499915 --- Tue Feb 20 19:15:13 2018
Step 7810, Accuracy: 0.65933335, Loss: 1.0691798 --- Tue Feb 20 19:15:41 2018
Step 7820, Accuracy: 0.66653335, Loss: 1.0477893 --- Tue Feb 20 19:16:09 2018
Step 7830, Accuracy: 0.6671, Loss: 1.047764 --- Tue Feb 20 19:16:38 2018
Step 7840, Accuracy: 0.662, Loss: 1.06244 --- Tue Feb 20 19:17:06 2018
Step 7850, Accuracy: 0.6673667, Loss: 1.044987 --- Tue Feb 20 19:17:34 2018
Step 7860, Accuracy: 0.65720004, Loss: 1.0730984 --- Tue Feb 20 19:18:02 2018
Step 7870, Accuracy: 0.66366667, Loss: 1.0498245 --- Tue Feb 20 19:18:31 2018
Step 7880, Accuracy: 0.6667333, Loss: 1.0481979 --- Tue Feb 20 19:18:59 2018
Step 7890, Accuracy: 0.6604334, Loss: 1.0650721 --- Tue Feb 20 19:19:27 2018
Step 7900, Accuracy: 0.6667, Loss: 1.0496817 --- Tue Feb 20 19:19:55 2018
Step 7910, Accuracy: 0.67073333, Loss: 1.0386329 --- Tue Feb 20 19:20:23 2018
Step 7920, Accuracy: 0.66043335, Loss: 1.0745167 --- Tue Feb 20 19:20:52 2018
Step 7930, Accuracy: 0.66583335, Loss: 1.0563157 --- Tue Feb 20 19:21:20 2018
Step 7940, Accuracy: 0.66629994, Loss: 1.0536916 --- Tue Feb 20 19:21:48 2018
Step 7950, Accuracy: 0.6645333, Loss: 1.0542305 --- Tue Feb 20 19:22:16 2018
Step 7960, Accuracy: 0.66176665, Loss: 1.0670683 --- Tue Feb 20 19:22:44 2018
Step 7970, Accuracy: 0.66436666, Loss: 1.0676777 --- Tue Feb 20 19:23:12 2018
Step 7980, Accuracy: 0.6616, Loss: 1.0613776 --- Tue Feb 20 19:23:40 2018
Step 7990, Accuracy: 0.6659667, Loss: 1.0525796 --- Tue Feb 20 19:24:08 2018
Step 8000, Accuracy: 0.6629, Loss: 1.0583303 --- Tue Feb 20 19:24:37 2018
-----------------------------------------------------------
This is a text sample at step 8000
-----------------------------------------------------------
Step 8010, Accuracy: 0.66340005, Loss: 1.0624177 --- Tue Feb 20 19:25:05 2018
Step 8020, Accuracy: 0.6639999, Loss: 1.0586997 --- Tue Feb 20 19:25:34 2018
Step 8030, Accuracy: 0.6650001, Loss: 1.0531974 --- Tue Feb 20 19:26:02 2018
Step 8040, Accuracy: 0.66283333, Loss: 1.0543855 --- Tue Feb 20 19:26:30 2018
Step 8050, Accuracy: 0.6636, Loss: 1.0598747 --- Tue Feb 20 19:26:58 2018
Step 8060, Accuracy: 0.66956663, Loss: 1.0396192 --- Tue Feb 20 19:27:26 2018
Step 8070, Accuracy: 0.66386664, Loss: 1.0631104 --- Tue Feb 20 19:27:54 2018
Step 8080, Accuracy: 0.6670333, Loss: 1.0471739 --- Tue Feb 20 19:28:22 2018
Step 8090, Accuracy: 0.66896665, Loss: 1.0520991 --- Tue Feb 20 19:28:50 2018
Step 8100, Accuracy: 0.6691667, Loss: 1.0458596 --- Tue Feb 20 19:29:18 2018
Step 8110, Accuracy: 0.6642667, Loss: 1.0616347 --- Tue Feb 20 19:29:46 2018
Step 8120, Accuracy: 0.6684333, Loss: 1.0442717 --- Tue Feb 20 19:30:15 2018
Step 8130, Accuracy: 0.67069995, Loss: 1.0391471 --- Tue Feb 20 19:30:43 2018
Step 8140, Accuracy: 0.6712667, Loss: 1.0354031 --- Tue Feb 20 19:31:11 2018
Step 8150, Accuracy: 0.6682667, Loss: 1.0506288 --- Tue Feb 20 19:31:39 2018
Step 8160, Accuracy: 0.6664666, Loss: 1.0511473 --- Tue Feb 20 19:32:07 2018
Step 8170, Accuracy: 0.66456664, Loss: 1.0456535 --- Tue Feb 20 19:32:35 2018
Step 8180, Accuracy: 0.6656333, Loss: 1.0503564 --- Tue Feb 20 19:33:04 2018
Step 8190, Accuracy: 0.6665, Loss: 1.0500634 --- Tue Feb 20 19:33:32 2018
Step 8200, Accuracy: 0.6663, Loss: 1.0499166 --- Tue Feb 20 19:34:00 2018
Step 8210, Accuracy: 0.6667, Loss: 1.0478923 --- Tue Feb 20 19:34:28 2018
Step 8220, Accuracy: 0.66726667, Loss: 1.0467651 --- Tue Feb 20 19:34:57 2018
Step 8230, Accuracy: 0.66520005, Loss: 1.0519347 --- Tue Feb 20 19:35:25 2018
Step 8240, Accuracy: 0.67, Loss: 1.044801 --- Tue Feb 20 19:35:53 2018
Step 8250, Accuracy: 0.66413337, Loss: 1.0521343 --- Tue Feb 20 19:36:21 2018
Step 8260, Accuracy: 0.66489995, Loss: 1.050684 --- Tue Feb 20 19:36:49 2018
Step 8270, Accuracy: 0.67303336, Loss: 1.0337867 --- Tue Feb 20 19:37:17 2018
Step 8280, Accuracy: 0.66346663, Loss: 1.0501795 --- Tue Feb 20 19:37:46 2018
Step 8290, Accuracy: 0.6698667, Loss: 1.0445122 --- Tue Feb 20 19:38:14 2018
Step 8300, Accuracy: 0.6671, Loss: 1.0456752 --- Tue Feb 20 19:38:42 2018
Step 8310, Accuracy: 0.66143334, Loss: 1.0608613 --- Tue Feb 20 19:39:10 2018
Step 8320, Accuracy: 0.6663667, Loss: 1.054059 --- Tue Feb 20 19:39:38 2018
Step 8330, Accuracy: 0.6645667, Loss: 1.0546688 --- Tue Feb 20 19:40:07 2018
Step 8340, Accuracy: 0.6660333, Loss: 1.0456233 --- Tue Feb 20 19:40:35 2018
Step 8350, Accuracy: 0.66816664, Loss: 1.0403172 --- Tue Feb 20 19:41:02 2018
Step 8360, Accuracy: 0.6639, Loss: 1.0549405 --- Tue Feb 20 19:41:31 2018
Step 8370, Accuracy: 0.66779995, Loss: 1.0420302 --- Tue Feb 20 19:41:59 2018
Step 8380, Accuracy: 0.67080003, Loss: 1.0350798 --- Tue Feb 20 19:42:27 2018
Step 8390, Accuracy: 0.67399997, Loss: 1.032963 --- Tue Feb 20 19:42:55 2018
Step 8400, Accuracy: 0.6705667, Loss: 1.0378091 --- Tue Feb 20 19:43:23 2018
Step 8410, Accuracy: 0.6680333, Loss: 1.0514783 --- Tue Feb 20 19:43:51 2018
Step 8420, Accuracy: 0.6729, Loss: 1.0363472 --- Tue Feb 20 19:44:19 2018
Step 8430, Accuracy: 0.6700667, Loss: 1.0440606 --- Tue Feb 20 19:44:47 2018
Step 8440, Accuracy: 0.6701333, Loss: 1.0378975 --- Tue Feb 20 19:45:15 2018
Step 8450, Accuracy: 0.6729666, Loss: 1.0267032 --- Tue Feb 20 19:45:43 2018
Step 8460, Accuracy: 0.6648333, Loss: 1.0437968 --- Tue Feb 20 19:46:11 2018
Step 8470, Accuracy: 0.67170006, Loss: 1.0271547 --- Tue Feb 20 19:46:39 2018
Step 8480, Accuracy: 0.66363335, Loss: 1.0447036 --- Tue Feb 20 19:47:07 2018
Step 8490, Accuracy: 0.67253333, Loss: 1.0388124 --- Tue Feb 20 19:47:35 2018
Step 8500, Accuracy: 0.6659, Loss: 1.0334904 --- Tue Feb 20 19:48:03 2018
-----------------------------------------------------------
This is a text sample at step 8500
-----------------------------------------------------------
Step 8510, Accuracy: 0.6649667, Loss: 1.0421995 --- Tue Feb 20 19:48:31 2018
Step 8520, Accuracy: 0.66899997, Loss: 1.0420902 --- Tue Feb 20 19:48:59 2018
Step 8530, Accuracy: 0.66546667, Loss: 1.0598197 --- Tue Feb 20 19:49:27 2018
Step 8540, Accuracy: 0.6712667, Loss: 1.0316899 --- Tue Feb 20 19:49:55 2018
Step 8550, Accuracy: 0.6694333, Loss: 1.0389379 --- Tue Feb 20 19:50:23 2018
Step 8560, Accuracy: 0.6688334, Loss: 1.0505831 --- Tue Feb 20 19:50:51 2018
Step 8570, Accuracy: 0.6687667, Loss: 1.0352705 --- Tue Feb 20 19:51:19 2018
Step 8580, Accuracy: 0.6723, Loss: 1.0302422 --- Tue Feb 20 19:51:47 2018
Step 8590, Accuracy: 0.6658, Loss: 1.0541749 --- Tue Feb 20 19:52:15 2018
Step 8600, Accuracy: 0.6741667, Loss: 1.0244398 --- Tue Feb 20 19:52:43 2018
Step 8610, Accuracy: 0.6681667, Loss: 1.0420026 --- Tue Feb 20 19:53:11 2018
Step 8620, Accuracy: 0.673, Loss: 1.027815 --- Tue Feb 20 19:53:39 2018
Step 8630, Accuracy: 0.66686666, Loss: 1.0530626 --- Tue Feb 20 19:54:06 2018
Step 8640, Accuracy: 0.66933334, Loss: 1.043772 --- Tue Feb 20 19:54:35 2018
Step 8650, Accuracy: 0.6660333, Loss: 1.0543759 --- Tue Feb 20 19:55:03 2018
Step 8660, Accuracy: 0.6658667, Loss: 1.0457681 --- Tue Feb 20 19:55:31 2018
Step 8670, Accuracy: 0.6649667, Loss: 1.0485582 --- Tue Feb 20 19:55:59 2018
Step 8680, Accuracy: 0.666, Loss: 1.0460985 --- Tue Feb 20 19:56:26 2018
Step 8690, Accuracy: 0.66716665, Loss: 1.0500622 --- Tue Feb 20 19:56:54 2018
Step 8700, Accuracy: 0.66973335, Loss: 1.0424597 --- Tue Feb 20 19:57:22 2018
Step 8710, Accuracy: 0.66800004, Loss: 1.049434 --- Tue Feb 20 19:57:50 2018
Step 8720, Accuracy: 0.66656667, Loss: 1.0478922 --- Tue Feb 20 19:58:18 2018
Step 8730, Accuracy: 0.6684667, Loss: 1.0400162 --- Tue Feb 20 19:58:46 2018
Step 8740, Accuracy: 0.6696, Loss: 1.0412114 --- Tue Feb 20 19:59:14 2018
Step 8750, Accuracy: 0.6649333, Loss: 1.05499 --- Tue Feb 20 19:59:42 2018
Step 8760, Accuracy: 0.66656667, Loss: 1.0507692 --- Tue Feb 20 20:00:10 2018
Step 8770, Accuracy: 0.66889995, Loss: 1.0368414 --- Tue Feb 20 20:00:38 2018
Step 8780, Accuracy: 0.66069996, Loss: 1.0580117 --- Tue Feb 20 20:01:06 2018
Step 8790, Accuracy: 0.66836673, Loss: 1.04396 --- Tue Feb 20 20:01:34 2018
Step 8800, Accuracy: 0.6681, Loss: 1.0407389 --- Tue Feb 20 20:02:02 2018
Step 8810, Accuracy: 0.66756666, Loss: 1.0472907 --- Tue Feb 20 20:02:29 2018
Step 8820, Accuracy: 0.66323334, Loss: 1.0691612 --- Tue Feb 20 20:02:57 2018
Step 8830, Accuracy: 0.66396666, Loss: 1.0653353 --- Tue Feb 20 20:03:25 2018
Step 8840, Accuracy: 0.67130005, Loss: 1.0375566 --- Tue Feb 20 20:03:54 2018
Step 8850, Accuracy: 0.6653, Loss: 1.0552905 --- Tue Feb 20 20:04:22 2018
Step 8860, Accuracy: 0.66850007, Loss: 1.0418541 --- Tue Feb 20 20:04:50 2018
Step 8870, Accuracy: 0.666, Loss: 1.0526476 --- Tue Feb 20 20:05:18 2018
Step 8880, Accuracy: 0.6675334, Loss: 1.0452886 --- Tue Feb 20 20:05:46 2018
Step 8890, Accuracy: 0.6667, Loss: 1.0472496 --- Tue Feb 20 20:06:14 2018
Step 8900, Accuracy: 0.6708333, Loss: 1.038322 --- Tue Feb 20 20:06:42 2018
Step 8910, Accuracy: 0.66340005, Loss: 1.0587558 --- Tue Feb 20 20:07:10 2018
Step 8920, Accuracy: 0.6640667, Loss: 1.0609782 --- Tue Feb 20 20:07:39 2018
Step 8930, Accuracy: 0.671, Loss: 1.0415919 --- Tue Feb 20 20:08:07 2018
Step 8940, Accuracy: 0.6688, Loss: 1.0458553 --- Tue Feb 20 20:08:35 2018
Step 8950, Accuracy: 0.6729333, Loss: 1.0330203 --- Tue Feb 20 20:09:04 2018
Step 8960, Accuracy: 0.66239995, Loss: 1.0541162 --- Tue Feb 20 20:09:32 2018
Step 8970, Accuracy: 0.6684, Loss: 1.0384488 --- Tue Feb 20 20:10:01 2018
Step 8980, Accuracy: 0.6691333, Loss: 1.0277121 --- Tue Feb 20 20:10:29 2018
Step 8990, Accuracy: 0.67003334, Loss: 1.0457036 --- Tue Feb 20 20:10:57 2018
Step 9000, Accuracy: 0.67233336, Loss: 1.0399423 --- Tue Feb 20 20:11:26 2018
-----------------------------------------------------------
This is a text sample at step 9000
-----------------------------------------------------------
Step 9010, Accuracy: 0.6719667, Loss: 1.0356407 --- Tue Feb 20 20:11:55 2018
Step 9020, Accuracy: 0.67106664, Loss: 1.0377104 --- Tue Feb 20 20:12:23 2018
Step 9030, Accuracy: 0.67003334, Loss: 1.0498053 --- Tue Feb 20 20:12:51 2018
Step 9040, Accuracy: 0.66686666, Loss: 1.057162 --- Tue Feb 20 20:13:20 2018
Step 9050, Accuracy: 0.6711, Loss: 1.0520341 --- Tue Feb 20 20:13:48 2018
Step 9060, Accuracy: 0.6709, Loss: 1.0396204 --- Tue Feb 20 20:14:16 2018
Step 9070, Accuracy: 0.6628, Loss: 1.0533693 --- Tue Feb 20 20:14:45 2018
Step 9080, Accuracy: 0.6695667, Loss: 1.0487462 --- Tue Feb 20 20:15:13 2018
Step 9090, Accuracy: 0.6740333, Loss: 1.0323247 --- Tue Feb 20 20:15:42 2018
Step 9100, Accuracy: 0.66489995, Loss: 1.0514199 --- Tue Feb 20 20:16:10 2018
Step 9110, Accuracy: 0.6718333, Loss: 1.0457851 --- Tue Feb 20 20:16:39 2018
Step 9120, Accuracy: 0.66899997, Loss: 1.0340688 --- Tue Feb 20 20:17:07 2018
Step 9130, Accuracy: 0.66496664, Loss: 1.0515101 --- Tue Feb 20 20:17:34 2018
Step 9140, Accuracy: 0.6755333, Loss: 1.0286419 --- Tue Feb 20 20:18:02 2018
Step 9150, Accuracy: 0.67323333, Loss: 1.0337619 --- Tue Feb 20 20:18:30 2018
Step 9160, Accuracy: 0.66546667, Loss: 1.0536969 --- Tue Feb 20 20:18:58 2018
Step 9170, Accuracy: 0.6622667, Loss: 1.0506533 --- Tue Feb 20 20:19:26 2018
Step 9180, Accuracy: 0.6662, Loss: 1.0577826 --- Tue Feb 20 20:19:54 2018
Step 9190, Accuracy: 0.6713333, Loss: 1.049004 --- Tue Feb 20 20:20:22 2018
Step 9200, Accuracy: 0.6633667, Loss: 1.0628612 --- Tue Feb 20 20:20:50 2018
Step 9210, Accuracy: 0.6665667, Loss: 1.0483286 --- Tue Feb 20 20:21:18 2018
Step 9220, Accuracy: 0.6646999, Loss: 1.0558608 --- Tue Feb 20 20:21:46 2018
Step 9230, Accuracy: 0.6692667, Loss: 1.0335495 --- Tue Feb 20 20:22:14 2018
Step 9240, Accuracy: 0.6639, Loss: 1.056499 --- Tue Feb 20 20:22:42 2018
Step 9250, Accuracy: 0.66499996, Loss: 1.057957 --- Tue Feb 20 20:23:10 2018
Step 9260, Accuracy: 0.66966665, Loss: 1.0351247 --- Tue Feb 20 20:23:38 2018
Step 9270, Accuracy: 0.6659333, Loss: 1.0543233 --- Tue Feb 20 20:24:06 2018
Step 9280, Accuracy: 0.6718334, Loss: 1.0352141 --- Tue Feb 20 20:24:34 2018
Step 9290, Accuracy: 0.6698, Loss: 1.0476149 --- Tue Feb 20 20:25:02 2018
Step 9300, Accuracy: 0.66346663, Loss: 1.0628446 --- Tue Feb 20 20:25:30 2018
Step 9310, Accuracy: 0.6666, Loss: 1.049732 --- Tue Feb 20 20:25:58 2018
Step 9320, Accuracy: 0.6677334, Loss: 1.0536989 --- Tue Feb 20 20:26:25 2018
Step 9330, Accuracy: 0.6721, Loss: 1.0336112 --- Tue Feb 20 20:26:53 2018
Step 9340, Accuracy: 0.6727667, Loss: 1.0315288 --- Tue Feb 20 20:27:21 2018
Step 9350, Accuracy: 0.6739334, Loss: 1.0291897 --- Tue Feb 20 20:27:49 2018
Step 9360, Accuracy: 0.66793334, Loss: 1.0573833 --- Tue Feb 20 20:28:17 2018
Step 9370, Accuracy: 0.6710333, Loss: 1.0326205 --- Tue Feb 20 20:28:45 2018
Step 9380, Accuracy: 0.67153335, Loss: 1.0361276 --- Tue Feb 20 20:29:13 2018
Step 9390, Accuracy: 0.67349994, Loss: 1.0385368 --- Tue Feb 20 20:29:41 2018
Step 9400, Accuracy: 0.6764334, Loss: 1.0286975 --- Tue Feb 20 20:30:09 2018
Step 9410, Accuracy: 0.67006665, Loss: 1.0327756 --- Tue Feb 20 20:30:37 2018
Step 9420, Accuracy: 0.6749, Loss: 1.0194755 --- Tue Feb 20 20:31:05 2018
Step 9430, Accuracy: 0.67476666, Loss: 1.0223494 --- Tue Feb 20 20:31:33 2018
Step 9440, Accuracy: 0.67023337, Loss: 1.0313673 --- Tue Feb 20 20:32:01 2018
Step 9450, Accuracy: 0.6673667, Loss: 1.0423375 --- Tue Feb 20 20:32:29 2018
Step 9460, Accuracy: 0.6697, Loss: 1.0370378 --- Tue Feb 20 20:32:58 2018
Step 9470, Accuracy: 0.6680667, Loss: 1.0443139 --- Tue Feb 20 20:33:26 2018
Step 9480, Accuracy: 0.6735, Loss: 1.0292457 --- Tue Feb 20 20:33:54 2018
Step 9490, Accuracy: 0.6741667, Loss: 1.0255898 --- Tue Feb 20 20:34:22 2018
Step 9500, Accuracy: 0.6686667, Loss: 1.0349773 --- Tue Feb 20 20:34:50 2018
-----------------------------------------------------------
This is a text sample at step 9500
-----------------------------------------------------------
Step 9510, Accuracy: 0.6673333, Loss: 1.0430534 --- Tue Feb 20 20:35:19 2018
Step 9520, Accuracy: 0.6668, Loss: 1.0443611 --- Tue Feb 20 20:35:47 2018
Step 9530, Accuracy: 0.6713334, Loss: 1.0363735 --- Tue Feb 20 20:36:16 2018
Step 9540, Accuracy: 0.67469996, Loss: 1.0330957 --- Tue Feb 20 20:36:44 2018
Step 9550, Accuracy: 0.67083335, Loss: 1.0351055 --- Tue Feb 20 20:37:12 2018
Step 9560, Accuracy: 0.66980004, Loss: 1.0403494 --- Tue Feb 20 20:37:41 2018
Step 9570, Accuracy: 0.66943336, Loss: 1.0408458 --- Tue Feb 20 20:38:09 2018
Step 9580, Accuracy: 0.67113334, Loss: 1.0336975 --- Tue Feb 20 20:38:37 2018
Step 9590, Accuracy: 0.6691333, Loss: 1.0339746 --- Tue Feb 20 20:39:06 2018
Step 9600, Accuracy: 0.67270005, Loss: 1.0298637 --- Tue Feb 20 20:39:34 2018
Step 9610, Accuracy: 0.67066664, Loss: 1.0273017 --- Tue Feb 20 20:40:02 2018
Step 9620, Accuracy: 0.67149997, Loss: 1.0309622 --- Tue Feb 20 20:40:31 2018
Step 9630, Accuracy: 0.67169994, Loss: 1.0383222 --- Tue Feb 20 20:40:59 2018
Step 9640, Accuracy: 0.669, Loss: 1.0375822 --- Tue Feb 20 20:41:27 2018
Step 9650, Accuracy: 0.66966665, Loss: 1.03963 --- Tue Feb 20 20:41:56 2018
Step 9660, Accuracy: 0.6677333, Loss: 1.0406703 --- Tue Feb 20 20:42:24 2018
Step 9670, Accuracy: 0.6709, Loss: 1.041035 --- Tue Feb 20 20:42:53 2018
Step 9670, Accuracy: 0.57987756, Loss: 1.4133139 --- Tue Feb 20 20:43:47 2018
Step 9680, Accuracy: 0.6599, Loss: 1.081333 --- Tue Feb 20 20:44:15 2018
Step 9690, Accuracy: 0.6734333, Loss: 1.0294644 --- Tue Feb 20 20:44:44 2018
Step 9700, Accuracy: 0.67270005, Loss: 1.0307636 --- Tue Feb 20 20:45:12 2018
Step 9710, Accuracy: 0.6725, Loss: 1.0325154 --- Tue Feb 20 20:45:41 2018
Step 9720, Accuracy: 0.6746, Loss: 1.0337329 --- Tue Feb 20 20:46:10 2018
Step 9730, Accuracy: 0.6721, Loss: 1.0391364 --- Tue Feb 20 20:46:38 2018
Step 9740, Accuracy: 0.66870004, Loss: 1.0453327 --- Tue Feb 20 20:47:07 2018
Step 9750, Accuracy: 0.6728667, Loss: 1.0283116 --- Tue Feb 20 20:47:35 2018
Step 9760, Accuracy: 0.67036664, Loss: 1.0285858 --- Tue Feb 20 20:48:04 2018
Step 9770, Accuracy: 0.6705333, Loss: 1.036244 --- Tue Feb 20 20:48:32 2018
Step 9780, Accuracy: 0.66763335, Loss: 1.039982 --- Tue Feb 20 20:49:01 2018
Step 9790, Accuracy: 0.67683333, Loss: 1.0180781 --- Tue Feb 20 20:49:29 2018
Step 9800, Accuracy: 0.6749, Loss: 1.0246853 --- Tue Feb 20 20:49:58 2018
Step 9810, Accuracy: 0.6763, Loss: 1.0176748 --- Tue Feb 20 20:50:26 2018
Step 9820, Accuracy: 0.67450005, Loss: 1.01901 --- Tue Feb 20 20:50:55 2018
Step 9830, Accuracy: 0.67733335, Loss: 1.021182 --- Tue Feb 20 20:51:23 2018
Step 9840, Accuracy: 0.67013335, Loss: 1.03139 --- Tue Feb 20 20:51:52 2018
Step 9850, Accuracy: 0.6728333, Loss: 1.0250221 --- Tue Feb 20 20:52:20 2018
Step 9860, Accuracy: 0.6748, Loss: 1.027414 --- Tue Feb 20 20:52:49 2018
Step 9870, Accuracy: 0.67050004, Loss: 1.0368397 --- Tue Feb 20 20:53:17 2018
Step 9880, Accuracy: 0.6723, Loss: 1.0317833 --- Tue Feb 20 20:53:45 2018
Step 9890, Accuracy: 0.6696, Loss: 1.0300239 --- Tue Feb 20 20:54:14 2018
Step 9900, Accuracy: 0.67686665, Loss: 1.0207771 --- Tue Feb 20 20:54:42 2018
Step 9910, Accuracy: 0.66800004, Loss: 1.0292405 --- Tue Feb 20 20:55:10 2018
Step 9920, Accuracy: 0.6696, Loss: 1.029711 --- Tue Feb 20 20:55:38 2018
Step 9930, Accuracy: 0.6723666, Loss: 1.0253518 --- Tue Feb 20 20:56:07 2018
Step 9940, Accuracy: 0.6699333, Loss: 1.0373309 --- Tue Feb 20 20:56:35 2018
Step 9950, Accuracy: 0.6724, Loss: 1.0298873 --- Tue Feb 20 20:57:03 2018
Step 9960, Accuracy: 0.6791667, Loss: 1.0114276 --- Tue Feb 20 20:57:31 2018
Step 9970, Accuracy: 0.67480004, Loss: 1.0210469 --- Tue Feb 20 20:57:59 2018
Step 9980, Accuracy: 0.6752333, Loss: 1.0178368 --- Tue Feb 20 20:58:28 2018
Step 9990, Accuracy: 0.67176664, Loss: 1.0363053 --- Tue Feb 20 20:58:56 2018
Step 10000, Accuracy: 0.67543334, Loss: 1.0138394 --- Tue Feb 20 20:59:25 2018
-----------------------------------------------------------
This is a text sample at step 10000
-----------------------------------------------------------
Step 10010, Accuracy: 0.6725, Loss: 1.0266377 --- Tue Feb 20 20:59:53 2018
Step 10020, Accuracy: 0.67676663, Loss: 1.0292518 --- Tue Feb 20 21:00:21 2018
Step 10030, Accuracy: 0.67410004, Loss: 1.0301794 --- Tue Feb 20 21:00:50 2018
Step 10040, Accuracy: 0.6714667, Loss: 1.0387104 --- Tue Feb 20 21:01:17 2018
Step 10050, Accuracy: 0.6761, Loss: 1.0188795 --- Tue Feb 20 21:01:45 2018
Step 10060, Accuracy: 0.6783, Loss: 1.0135003 --- Tue Feb 20 21:02:13 2018
Step 10070, Accuracy: 0.67053336, Loss: 1.0336201 --- Tue Feb 20 21:02:41 2018
Step 10080, Accuracy: 0.6727, Loss: 1.032195 --- Tue Feb 20 21:03:09 2018
Step 10090, Accuracy: 0.6781, Loss: 1.0153599 --- Tue Feb 20 21:03:37 2018
Step 10100, Accuracy: 0.67233336, Loss: 1.0217924 --- Tue Feb 20 21:04:05 2018
Step 10110, Accuracy: 0.6728333, Loss: 1.0263045 --- Tue Feb 20 21:04:33 2018
Step 10120, Accuracy: 0.67340004, Loss: 1.0303793 --- Tue Feb 20 21:05:01 2018
Step 10130, Accuracy: 0.6746333, Loss: 1.0232385 --- Tue Feb 20 21:05:29 2018
Step 10140, Accuracy: 0.66936666, Loss: 1.0415981 --- Tue Feb 20 21:05:57 2018
Step 10150, Accuracy: 0.67660004, Loss: 1.0203094 --- Tue Feb 20 21:06:25 2018
Step 10160, Accuracy: 0.6719, Loss: 1.0305902 --- Tue Feb 20 21:06:53 2018
Step 10170, Accuracy: 0.6682333, Loss: 1.0345433 --- Tue Feb 20 21:07:21 2018
Step 10180, Accuracy: 0.6739333, Loss: 1.0281732 --- Tue Feb 20 21:07:50 2018
Step 10190, Acc